<?xml version="1.0" encoding="UTF-8"?>
<testsuite xmlns:xsi="http://www.w3.org/2001/XMLSchema-instance" xsi:noNamespaceSchemaLocation="https://maven.apache.org/surefire/maven-surefire-plugin/xsd/surefire-test-report-3.0.xsd" version="3.0" name="com.example.MeliUrlShorter.MeliUrlShorterApplicationTests" time="6.082" tests="4" errors="3" skipped="0" failures="0">
  <properties>
[...]
</properties>
  <testcase name="disableURL" classname="com.example.MeliUrlShorter.MeliUrlShorterApplicationTests" time="0.812">
    <error message="Cannot get Jedis connection" type="org.springframework.data.redis.RedisConnectionFailureException"><![CDATA[org.springframework.data.redis.RedisConnectionFailureException: Cannot get Jedis connection
	at org.springframework.data.redis.connection.jedis.JedisConnectionFactory.fetchJedisConnector(JedisConnectionFactory.java:873)
	at org.springframework.data.redis.connection.jedis.JedisConnectionFactory.getConnection(JedisConnectionFactory.java:835)
	at org.springframework.data.redis.core.RedisConnectionUtils.fetchConnection(RedisConnectionUtils.java:195)
	at org.springframework.data.redis.core.RedisConnectionUtils.doGetConnection(RedisConnectionUtils.java:144)
	at org.springframework.data.redis.core.RedisConnectionUtils.getConnection(RedisConnectionUtils.java:105)
	at org.springframework.data.redis.core.RedisTemplate.execute(RedisTemplate.java:383)
	at org.springframework.data.redis.core.RedisTemplate.execute(RedisTemplate.java:363)
	at org.springframework.data.redis.core.RedisTemplate.execute(RedisTemplate.java:350)
	at org.springframework.data.redis.core.RedisKeyValueAdapter.put(RedisKeyValueAdapter.java:212)
	at org.springframework.data.keyvalue.core.KeyValueTemplate.lambda$update$1(KeyValueTemplate.java:201)
	at org.springframework.data.keyvalue.core.KeyValueTemplate.execute(KeyValueTemplate.java:314)
	at org.springframework.data.keyvalue.core.KeyValueTemplate.update(KeyValueTemplate.java:201)
	at org.springframework.data.redis.core.RedisKeyValueTemplate.update(RedisKeyValueTemplate.java:166)
	at org.springframework.data.keyvalue.repository.support.SimpleKeyValueRepository.save(SimpleKeyValueRepository.java:76)
	at java.base/jdk.internal.reflect.DirectMethodHandleAccessor.invoke(DirectMethodHandleAccessor.java:103)
	at java.base/java.lang.reflect.Method.invoke(Method.java:580)
	at org.springframework.aop.support.AopUtils.invokeJoinpointUsingReflection(AopUtils.java:354)
	at org.springframework.data.repository.core.support.RepositoryMethodInvoker$RepositoryFragmentMethodInvoker.lambda$new$0(RepositoryMethodInvoker.java:277)
	at org.springframework.data.repository.core.support.RepositoryMethodInvoker.doInvoke(RepositoryMethodInvoker.java:170)
	at org.springframework.data.repository.core.support.RepositoryMethodInvoker.invoke(RepositoryMethodInvoker.java:158)
	at org.springframework.data.repository.core.support.RepositoryComposition$RepositoryFragments.invoke(RepositoryComposition.java:516)
	at org.springframework.data.repository.core.support.RepositoryComposition.invoke(RepositoryComposition.java:285)
	at org.springframework.data.repository.core.support.RepositoryFactorySupport$ImplementationMethodExecutionInterceptor.invoke(RepositoryFactorySupport.java:628)
	at org.springframework.aop.framework.ReflectiveMethodInvocation.proceed(ReflectiveMethodInvocation.java:184)
	at org.springframework.data.repository.core.support.QueryExecutorMethodInterceptor.doInvoke(QueryExecutorMethodInterceptor.java:168)
	at org.springframework.data.repository.core.support.QueryExecutorMethodInterceptor.invoke(QueryExecutorMethodInterceptor.java:143)
	at org.springframework.aop.framework.ReflectiveMethodInvocation.proceed(ReflectiveMethodInvocation.java:184)
	at org.springframework.aop.interceptor.ExposeInvocationInterceptor.invoke(ExposeInvocationInterceptor.java:97)
	at org.springframework.aop.framework.ReflectiveMethodInvocation.proceed(ReflectiveMethodInvocation.java:184)
	at org.springframework.aop.framework.JdkDynamicAopProxy.invoke(JdkDynamicAopProxy.java:223)
	at jdk.proxy2/jdk.proxy2.$Proxy105.save(Unknown Source)
	at java.base/jdk.internal.reflect.DirectMethodHandleAccessor.invoke(DirectMethodHandleAccessor.java:103)
	at java.base/java.lang.reflect.Method.invoke(Method.java:580)
	at org.springframework.aop.support.AopUtils.invokeJoinpointUsingReflection(AopUtils.java:354)
	at org.springframework.aop.framework.ReflectiveMethodInvocation.invokeJoinpoint(ReflectiveMethodInvocation.java:196)
	at org.springframework.aop.framework.ReflectiveMethodInvocation.proceed(ReflectiveMethodInvocation.java:163)
	at org.springframework.dao.support.PersistenceExceptionTranslationInterceptor.invoke(PersistenceExceptionTranslationInterceptor.java:137)
	at org.springframework.aop.framework.ReflectiveMethodInvocation.proceed(ReflectiveMethodInvocation.java:184)
	at org.springframework.aop.framework.JdkDynamicAopProxy.invoke(JdkDynamicAopProxy.java:223)
	at jdk.proxy2/jdk.proxy2.$Proxy105.save(Unknown Source)
	at com.example.MeliUrlShorter.MeliUrlShorterApplicationTests.disableURL(MeliUrlShorterApplicationTests.java:72)
	at java.base/java.lang.reflect.Method.invoke(Method.java:580)
	at java.base/java.util.ArrayList.forEach(ArrayList.java:1596)
	at java.base/java.util.ArrayList.forEach(ArrayList.java:1596)
Caused by: redis.clients.jedis.exceptions.JedisConnectionException: Failed to create socket.
	at redis.clients.jedis.DefaultJedisSocketFactory.createSocket(DefaultJedisSocketFactory.java:118)
	at redis.clients.jedis.Connection.connect(Connection.java:194)
	at redis.clients.jedis.Connection.initializeFromClientConfig(Connection.java:392)
	at redis.clients.jedis.Connection.<init>(Connection.java:67)
	at redis.clients.jedis.Jedis.<init>(Jedis.java:220)
	at redis.clients.jedis.JedisFactory.makeObject(JedisFactory.java:170)
	at org.apache.commons.pool2.impl.GenericObjectPool.create(GenericObjectPool.java:566)
	at org.apache.commons.pool2.impl.GenericObjectPool.borrowObject(GenericObjectPool.java:306)
	at org.apache.commons.pool2.impl.GenericObjectPool.borrowObject(GenericObjectPool.java:233)
	at redis.clients.jedis.util.Pool.getResource(Pool.java:38)
	at redis.clients.jedis.JedisPool.getResource(JedisPool.java:378)
	at redis.clients.jedis.JedisPool.getResource(JedisPool.java:17)
	at org.springframework.data.redis.connection.jedis.JedisConnectionFactory.fetchJedisConnector(JedisConnectionFactory.java:863)
	... 43 more
Caused by: java.net.UnknownHostException: No such host is known (redis-17196.c309.us-east-2-1.ec2.redns.redis-cloud.com)
	at java.base/java.net.Inet6AddressImpl.lookupAllHostAddr(Native Method)
	at java.base/java.net.Inet6AddressImpl.lookupAllHostAddr(Inet6AddressImpl.java:52)
	at java.base/java.net.InetAddress$PlatformResolver.lookupByName(InetAddress.java:1211)
	at java.base/java.net.InetAddress.getAddressesFromNameService(InetAddress.java:1828)
	at java.base/java.net.InetAddress$NameServiceAddresses.get(InetAddress.java:1139)
	at java.base/java.net.InetAddress.getAllByName0(InetAddress.java:1818)
	at java.base/java.net.InetAddress.getAllByName(InetAddress.java:1688)
	at redis.clients.jedis.DefaultJedisSocketFactory.connectToFirstSuccessfulHost(DefaultJedisSocketFactory.java:58)
	at redis.clients.jedis.DefaultJedisSocketFactory.createSocket(DefaultJedisSocketFactory.java:89)
	... 55 more
]]></error>
    <system-out><![CDATA[20:22:38.716 [main] INFO org.springframework.test.context.support.AnnotationConfigContextLoaderUtils -- Could not detect default configuration classes for test class [com.example.MeliUrlShorter.MeliUrlShorterApplicationTests]: MeliUrlShorterApplicationTests does not declare any static, non-private, non-final, nested classes annotated with @Configuration.
20:22:38.810 [main] INFO org.springframework.boot.test.context.SpringBootTestContextBootstrapper -- Found @SpringBootConfiguration com.example.MeliUrlShorter.MeliUrlShorterApplication for test class com.example.MeliUrlShorter.MeliUrlShorterApplicationTests

  .   ____          _            __ _ _
 /\\ / ___'_ __ _ _(_)_ __  __ _ \ \ \ \
( ( )\___ | '_ | '_| | '_ \/ _` | \ \ \ \
 \\/  ___)| |_)| | | | | || (_| |  ) ) ) )
  '  |____| .__|_| |_|_| |_\__, | / / / /
 =========|_|==============|___/=/_/_/_/
 :: Spring Boot ::                (v3.2.5)

2024-10-07T20:22:39.170-03:00  WARN 8736 --- [MeliUrlShorter] [           main] ory$DuplicateJsonObjectContextCustomizer : 

Found multiple occurrences of org.json.JSONObject on the class path:

	jar:file:/C:/Users/cveti/.m2/repository/org/json/json/20231013/json-20231013.jar!/org/json/JSONObject.class
	jar:file:/C:/Users/cveti/.m2/repository/com/vaadin/external/google/android-json/0.0.20131108.vaadin1/android-json-0.0.20131108.vaadin1.jar!/org/json/JSONObject.class

You may wish to exclude one of them to ensure predictable runtime behavior

2024-10-07T20:22:39.184-03:00  INFO 8736 --- [MeliUrlShorter] [           main] c.e.M.MeliUrlShorterApplicationTests     : Starting MeliUrlShorterApplicationTests using Java 21.0.2 with PID 8736 (started by cveti in C:\Users\cveti\Desktop\Max\Meli\UrlShorterMeliBackend)
2024-10-07T20:22:39.184-03:00 DEBUG 8736 --- [MeliUrlShorter] [           main] c.e.M.MeliUrlShorterApplicationTests     : Running with Spring Boot v3.2.5, Spring v6.1.6
2024-10-07T20:22:39.185-03:00  INFO 8736 --- [MeliUrlShorter] [           main] c.e.M.MeliUrlShorterApplicationTests     : No active profile set, falling back to 1 default profile: "default"
2024-10-07T20:22:39.938-03:00  INFO 8736 --- [MeliUrlShorter] [           main] .s.d.r.c.RepositoryConfigurationDelegate : Multiple Spring Data modules found, entering strict repository configuration mode
2024-10-07T20:22:39.939-03:00  INFO 8736 --- [MeliUrlShorter] [           main] .s.d.r.c.RepositoryConfigurationDelegate : Bootstrapping Spring Data Redis repositories in DEFAULT mode.
2024-10-07T20:22:39.950-03:00 DEBUG 8736 --- [MeliUrlShorter] [           main] .s.d.r.c.RepositoryConfigurationDelegate : Scanning for Redis repositories in packages com.example.MeliUrlShorter.config.
2024-10-07T20:22:39.955-03:00 TRACE 8736 --- [MeliUrlShorter] [           main] o.s.d.r.c.RepositoryComponentProvider    : Scanning file [C:\Users\cveti\Desktop\Max\Meli\UrlShorterMeliBackend\target\classes\com\example\MeliUrlShorter\config\CorsConfiguration.class]
2024-10-07T20:22:39.956-03:00 TRACE 8736 --- [MeliUrlShorter] [           main] o.s.d.r.c.RepositoryComponentProvider    : Ignored because not matching any filter: file [C:\Users\cveti\Desktop\Max\Meli\UrlShorterMeliBackend\target\classes\com\example\MeliUrlShorter\config\CorsConfiguration.class]
2024-10-07T20:22:39.956-03:00 TRACE 8736 --- [MeliUrlShorter] [           main] o.s.d.r.c.RepositoryComponentProvider    : Scanning file [C:\Users\cveti\Desktop\Max\Meli\UrlShorterMeliBackend\target\classes\com\example\MeliUrlShorter\config\RedisConfiguration.class]
2024-10-07T20:22:39.956-03:00 TRACE 8736 --- [MeliUrlShorter] [           main] o.s.d.r.c.RepositoryComponentProvider    : Ignored because not matching any filter: file [C:\Users\cveti\Desktop\Max\Meli\UrlShorterMeliBackend\target\classes\com\example\MeliUrlShorter\config\RedisConfiguration.class]
2024-10-07T20:22:39.956-03:00 TRACE 8736 --- [MeliUrlShorter] [           main] o.s.d.r.c.RepositoryComponentProvider    : Scanning file [C:\Users\cveti\Desktop\Max\Meli\UrlShorterMeliBackend\target\classes\com\example\MeliUrlShorter\config\SwaggerConfig.class]
2024-10-07T20:22:39.956-03:00 TRACE 8736 --- [MeliUrlShorter] [           main] o.s.d.r.c.RepositoryComponentProvider    : Ignored because not matching any filter: file [C:\Users\cveti\Desktop\Max\Meli\UrlShorterMeliBackend\target\classes\com\example\MeliUrlShorter\config\SwaggerConfig.class]
2024-10-07T20:22:39.957-03:00  INFO 8736 --- [MeliUrlShorter] [           main] .s.d.r.c.RepositoryConfigurationDelegate : Finished Spring Data repository scanning in 5 ms. Found 0 Redis repository interfaces.
2024-10-07T20:22:40.360-03:00  INFO 8736 --- [MeliUrlShorter] [           main] .s.d.r.c.RepositoryConfigurationDelegate : Multiple Spring Data modules found, entering strict repository configuration mode
2024-10-07T20:22:40.361-03:00  INFO 8736 --- [MeliUrlShorter] [           main] .s.d.r.c.RepositoryConfigurationDelegate : Bootstrapping Spring Data Redis repositories in DEFAULT mode.
2024-10-07T20:22:40.371-03:00 DEBUG 8736 --- [MeliUrlShorter] [           main] .s.d.r.c.RepositoryConfigurationDelegate : Scanning for Redis repositories in packages com.example.MeliUrlShorter.
2024-10-07T20:22:40.375-03:00 TRACE 8736 --- [MeliUrlShorter] [           main] o.s.d.r.c.RepositoryComponentProvider    : Scanning file [C:\Users\cveti\Desktop\Max\Meli\UrlShorterMeliBackend\target\test-classes\com\example\MeliUrlShorter\MeliUrlShorterApplicationTests.class]
2024-10-07T20:22:40.375-03:00 TRACE 8736 --- [MeliUrlShorter] [           main] o.s.d.r.c.RepositoryComponentProvider    : Ignored because not matching any filter: file [C:\Users\cveti\Desktop\Max\Meli\UrlShorterMeliBackend\target\test-classes\com\example\MeliUrlShorter\MeliUrlShorterApplicationTests.class]
2024-10-07T20:22:40.375-03:00 TRACE 8736 --- [MeliUrlShorter] [           main] o.s.d.r.c.RepositoryComponentProvider    : Scanning file [C:\Users\cveti\Desktop\Max\Meli\UrlShorterMeliBackend\target\classes\com\example\MeliUrlShorter\bussines\metrics\UrlShortCustomMetrics.class]
2024-10-07T20:22:40.375-03:00 TRACE 8736 --- [MeliUrlShorter] [           main] o.s.d.r.c.RepositoryComponentProvider    : Ignored because not matching any filter: file [C:\Users\cveti\Desktop\Max\Meli\UrlShorterMeliBackend\target\classes\com\example\MeliUrlShorter\bussines\metrics\UrlShortCustomMetrics.class]
2024-10-07T20:22:40.375-03:00 TRACE 8736 --- [MeliUrlShorter] [           main] o.s.d.r.c.RepositoryComponentProvider    : Scanning file [C:\Users\cveti\Desktop\Max\Meli\UrlShorterMeliBackend\target\classes\com\example\MeliUrlShorter\bussines\url\exception\URLBadRequestException.class]
2024-10-07T20:22:40.375-03:00 TRACE 8736 --- [MeliUrlShorter] [           main] o.s.d.r.c.RepositoryComponentProvider    : Ignored because not matching any filter: file [C:\Users\cveti\Desktop\Max\Meli\UrlShorterMeliBackend\target\classes\com\example\MeliUrlShorter\bussines\url\exception\URLBadRequestException.class]
2024-10-07T20:22:40.375-03:00 TRACE 8736 --- [MeliUrlShorter] [           main] o.s.d.r.c.RepositoryComponentProvider    : Scanning file [C:\Users\cveti\Desktop\Max\Meli\UrlShorterMeliBackend\target\classes\com\example\MeliUrlShorter\bussines\url\exception\URLNotFoundException.class]
2024-10-07T20:22:40.375-03:00 TRACE 8736 --- [MeliUrlShorter] [           main] o.s.d.r.c.RepositoryComponentProvider    : Ignored because not matching any filter: file [C:\Users\cveti\Desktop\Max\Meli\UrlShorterMeliBackend\target\classes\com\example\MeliUrlShorter\bussines\url\exception\URLNotFoundException.class]
2024-10-07T20:22:40.376-03:00 TRACE 8736 --- [MeliUrlShorter] [           main] o.s.d.r.c.RepositoryComponentProvider    : Scanning file [C:\Users\cveti\Desktop\Max\Meli\UrlShorterMeliBackend\target\classes\com\example\MeliUrlShorter\bussines\url\model\Url.class]
2024-10-07T20:22:40.376-03:00 TRACE 8736 --- [MeliUrlShorter] [           main] o.s.d.r.c.RepositoryComponentProvider    : Ignored because not matching any filter: file [C:\Users\cveti\Desktop\Max\Meli\UrlShorterMeliBackend\target\classes\com\example\MeliUrlShorter\bussines\url\model\Url.class]
2024-10-07T20:22:40.376-03:00 TRACE 8736 --- [MeliUrlShorter] [           main] o.s.d.r.c.RepositoryComponentProvider    : Scanning file [C:\Users\cveti\Desktop\Max\Meli\UrlShorterMeliBackend\target\classes\com\example\MeliUrlShorter\bussines\url\service\IShortMeli.class]
2024-10-07T20:22:40.376-03:00 TRACE 8736 --- [MeliUrlShorter] [           main] o.s.d.r.c.RepositoryComponentProvider    : Ignored because not matching any filter: file [C:\Users\cveti\Desktop\Max\Meli\UrlShorterMeliBackend\target\classes\com\example\MeliUrlShorter\bussines\url\service\IShortMeli.class]
2024-10-07T20:22:40.376-03:00 TRACE 8736 --- [MeliUrlShorter] [           main] o.s.d.r.c.RepositoryComponentProvider    : Scanning file [C:\Users\cveti\Desktop\Max\Meli\UrlShorterMeliBackend\target\classes\com\example\MeliUrlShorter\bussines\url\service\mapper\IUrlMapper.class]
2024-10-07T20:22:40.376-03:00 TRACE 8736 --- [MeliUrlShorter] [           main] o.s.d.r.c.RepositoryComponentProvider    : Ignored because not matching any filter: file [C:\Users\cveti\Desktop\Max\Meli\UrlShorterMeliBackend\target\classes\com\example\MeliUrlShorter\bussines\url\service\mapper\IUrlMapper.class]
2024-10-07T20:22:40.376-03:00 TRACE 8736 --- [MeliUrlShorter] [           main] o.s.d.r.c.RepositoryComponentProvider    : Scanning file [C:\Users\cveti\Desktop\Max\Meli\UrlShorterMeliBackend\target\classes\com\example\MeliUrlShorter\bussines\url\service\mapper\RequestUrlToUrlMapper.class]
2024-10-07T20:22:40.377-03:00 TRACE 8736 --- [MeliUrlShorter] [           main] o.s.d.r.c.RepositoryComponentProvider    : Ignored because not matching any filter: file [C:\Users\cveti\Desktop\Max\Meli\UrlShorterMeliBackend\target\classes\com\example\MeliUrlShorter\bussines\url\service\mapper\RequestUrlToUrlMapper.class]
2024-10-07T20:22:40.377-03:00 TRACE 8736 --- [MeliUrlShorter] [           main] o.s.d.r.c.RepositoryComponentProvider    : Scanning file [C:\Users\cveti\Desktop\Max\Meli\UrlShorterMeliBackend\target\classes\com\example\MeliUrlShorter\bussines\url\service\ShortMeliService.class]
2024-10-07T20:22:40.378-03:00 TRACE 8736 --- [MeliUrlShorter] [           main] o.s.d.r.c.RepositoryComponentProvider    : Ignored because not matching any filter: file [C:\Users\cveti\Desktop\Max\Meli\UrlShorterMeliBackend\target\classes\com\example\MeliUrlShorter\bussines\url\service\ShortMeliService.class]
2024-10-07T20:22:40.378-03:00 TRACE 8736 --- [MeliUrlShorter] [           main] o.s.d.r.c.RepositoryComponentProvider    : Scanning file [C:\Users\cveti\Desktop\Max\Meli\UrlShorterMeliBackend\target\classes\com\example\MeliUrlShorter\config\CorsConfiguration.class]
2024-10-07T20:22:40.378-03:00 TRACE 8736 --- [MeliUrlShorter] [           main] o.s.d.r.c.RepositoryComponentProvider    : Ignored because not matching any filter: file [C:\Users\cveti\Desktop\Max\Meli\UrlShorterMeliBackend\target\classes\com\example\MeliUrlShorter\config\CorsConfiguration.class]
2024-10-07T20:22:40.378-03:00 TRACE 8736 --- [MeliUrlShorter] [           main] o.s.d.r.c.RepositoryComponentProvider    : Scanning file [C:\Users\cveti\Desktop\Max\Meli\UrlShorterMeliBackend\target\classes\com\example\MeliUrlShorter\config\RedisConfiguration.class]
2024-10-07T20:22:40.378-03:00 TRACE 8736 --- [MeliUrlShorter] [           main] o.s.d.r.c.RepositoryComponentProvider    : Ignored because not matching any filter: file [C:\Users\cveti\Desktop\Max\Meli\UrlShorterMeliBackend\target\classes\com\example\MeliUrlShorter\config\RedisConfiguration.class]
2024-10-07T20:22:40.378-03:00 TRACE 8736 --- [MeliUrlShorter] [           main] o.s.d.r.c.RepositoryComponentProvider    : Scanning file [C:\Users\cveti\Desktop\Max\Meli\UrlShorterMeliBackend\target\classes\com\example\MeliUrlShorter\config\SwaggerConfig.class]
2024-10-07T20:22:40.378-03:00 TRACE 8736 --- [MeliUrlShorter] [           main] o.s.d.r.c.RepositoryComponentProvider    : Ignored because not matching any filter: file [C:\Users\cveti\Desktop\Max\Meli\UrlShorterMeliBackend\target\classes\com\example\MeliUrlShorter\config\SwaggerConfig.class]
2024-10-07T20:22:40.378-03:00 TRACE 8736 --- [MeliUrlShorter] [           main] o.s.d.r.c.RepositoryComponentProvider    : Scanning file [C:\Users\cveti\Desktop\Max\Meli\UrlShorterMeliBackend\target\classes\com\example\MeliUrlShorter\MeliUrlShorterApplication.class]
2024-10-07T20:22:40.378-03:00 TRACE 8736 --- [MeliUrlShorter] [           main] o.s.d.r.c.RepositoryComponentProvider    : Ignored because not matching any filter: file [C:\Users\cveti\Desktop\Max\Meli\UrlShorterMeliBackend\target\classes\com\example\MeliUrlShorter\MeliUrlShorterApplication.class]
2024-10-07T20:22:40.379-03:00 TRACE 8736 --- [MeliUrlShorter] [           main] o.s.d.r.c.RepositoryComponentProvider    : Scanning file [C:\Users\cveti\Desktop\Max\Meli\UrlShorterMeliBackend\target\classes\com\example\MeliUrlShorter\persistance\IMeliPersistance.class]
2024-10-07T20:22:40.380-03:00 DEBUG 8736 --- [MeliUrlShorter] [           main] o.s.d.r.c.RepositoryComponentProvider    : Identified candidate component class: file [C:\Users\cveti\Desktop\Max\Meli\UrlShorterMeliBackend\target\classes\com\example\MeliUrlShorter\persistance\IMeliPersistance.class]
2024-10-07T20:22:40.380-03:00 TRACE 8736 --- [MeliUrlShorter] [           main] o.s.d.r.c.RepositoryComponentProvider    : Scanning file [C:\Users\cveti\Desktop\Max\Meli\UrlShorterMeliBackend\target\classes\com\example\MeliUrlShorter\presentation\controller\advisor\GlobalHandlerExceptions.class]
2024-10-07T20:22:40.380-03:00 TRACE 8736 --- [MeliUrlShorter] [           main] o.s.d.r.c.RepositoryComponentProvider    : Ignored because not matching any filter: file [C:\Users\cveti\Desktop\Max\Meli\UrlShorterMeliBackend\target\classes\com\example\MeliUrlShorter\presentation\controller\advisor\GlobalHandlerExceptions.class]
2024-10-07T20:22:40.381-03:00 TRACE 8736 --- [MeliUrlShorter] [           main] o.s.d.r.c.RepositoryComponentProvider    : Scanning file [C:\Users\cveti\Desktop\Max\Meli\UrlShorterMeliBackend\target\classes\com\example\MeliUrlShorter\presentation\controller\req\RequestUrl.class]
2024-10-07T20:22:40.381-03:00 TRACE 8736 --- [MeliUrlShorter] [           main] o.s.d.r.c.RepositoryComponentProvider    : Ignored because not matching any filter: file [C:\Users\cveti\Desktop\Max\Meli\UrlShorterMeliBackend\target\classes\com\example\MeliUrlShorter\presentation\controller\req\RequestUrl.class]
2024-10-07T20:22:40.381-03:00 TRACE 8736 --- [MeliUrlShorter] [           main] o.s.d.r.c.RepositoryComponentProvider    : Scanning file [C:\Users\cveti\Desktop\Max\Meli\UrlShorterMeliBackend\target\classes\com\example\MeliUrlShorter\presentation\controller\ShortMeliController.class]
2024-10-07T20:22:40.381-03:00 TRACE 8736 --- [MeliUrlShorter] [           main] o.s.d.r.c.RepositoryComponentProvider    : Ignored because not matching any filter: file [C:\Users\cveti\Desktop\Max\Meli\UrlShorterMeliBackend\target\classes\com\example\MeliUrlShorter\presentation\controller\ShortMeliController.class]
2024-10-07T20:22:40.507-03:00 TRACE 8736 --- [MeliUrlShorter] [           main] .s.d.r.c.RepositoryConfigurationDelegate : Spring Data Redis - Registering repository: IMeliPersistance - Interface: com.example.MeliUrlShorter.persistance.IMeliPersistance - Factory: org.springframework.data.redis.repository.support.RedisRepositoryFactoryBean
2024-10-07T20:22:40.511-03:00  INFO 8736 --- [MeliUrlShorter] [           main] .s.d.r.c.RepositoryConfigurationDelegate : Finished Spring Data repository scanning in 138 ms. Found 1 Redis repository interface.
2024-10-07T20:22:40.979-03:00 DEBUG 8736 --- [MeliUrlShorter] [           main] o.s.data.convert.CustomConversions       : Adding converter from class java.lang.String to class [B as writing converter
2024-10-07T20:22:40.980-03:00 DEBUG 8736 --- [MeliUrlShorter] [           main] o.s.data.convert.CustomConversions       : Adding converter from class [B to class java.lang.String as reading converter
2024-10-07T20:22:40.980-03:00 DEBUG 8736 --- [MeliUrlShorter] [           main] o.s.data.convert.CustomConversions       : Adding converter from class java.lang.Number to class [B as writing converter
2024-10-07T20:22:40.980-03:00 DEBUG 8736 --- [MeliUrlShorter] [           main] o.s.data.convert.CustomConversions       : Adding converter from class [B to class java.lang.Number as reading converter
2024-10-07T20:22:40.980-03:00 DEBUG 8736 --- [MeliUrlShorter] [           main] o.s.data.convert.CustomConversions       : Adding converter from class java.lang.Enum to class [B as writing converter
2024-10-07T20:22:40.980-03:00 DEBUG 8736 --- [MeliUrlShorter] [           main] o.s.data.convert.CustomConversions       : Adding converter from class [B to class java.lang.Enum as reading converter
2024-10-07T20:22:40.980-03:00 DEBUG 8736 --- [MeliUrlShorter] [           main] o.s.data.convert.CustomConversions       : Adding converter from class java.lang.Boolean to class [B as writing converter
2024-10-07T20:22:40.980-03:00 DEBUG 8736 --- [MeliUrlShorter] [           main] o.s.data.convert.CustomConversions       : Adding converter from class [B to class java.lang.Boolean as reading converter
2024-10-07T20:22:40.980-03:00 DEBUG 8736 --- [MeliUrlShorter] [           main] o.s.data.convert.CustomConversions       : Adding converter from class java.util.Date to class [B as writing converter
2024-10-07T20:22:40.980-03:00 DEBUG 8736 --- [MeliUrlShorter] [           main] o.s.data.convert.CustomConversions       : Adding converter from class [B to class java.util.Date as reading converter
2024-10-07T20:22:40.981-03:00 DEBUG 8736 --- [MeliUrlShorter] [           main] o.s.data.convert.CustomConversions       : Adding converter from class java.util.UUID to class [B as writing converter
2024-10-07T20:22:40.981-03:00 DEBUG 8736 --- [MeliUrlShorter] [           main] o.s.data.convert.CustomConversions       : Adding converter from class [B to class java.util.UUID as reading converter
2024-10-07T20:22:40.981-03:00 DEBUG 8736 --- [MeliUrlShorter] [           main] o.s.data.convert.CustomConversions       : Adding converter from class java.time.LocalDateTime to class [B as reading converter
2024-10-07T20:22:40.981-03:00 DEBUG 8736 --- [MeliUrlShorter] [           main] o.s.data.convert.CustomConversions       : Adding converter from class [B to class java.time.LocalDateTime as reading converter
2024-10-07T20:22:40.981-03:00 DEBUG 8736 --- [MeliUrlShorter] [           main] o.s.data.convert.CustomConversions       : Adding converter from class java.time.LocalDate to class [B as reading converter
2024-10-07T20:22:40.981-03:00 DEBUG 8736 --- [MeliUrlShorter] [           main] o.s.data.convert.CustomConversions       : Adding converter from class [B to class java.time.LocalDate as reading converter
2024-10-07T20:22:40.981-03:00 DEBUG 8736 --- [MeliUrlShorter] [           main] o.s.data.convert.CustomConversions       : Adding converter from class java.time.LocalTime to class [B as reading converter
2024-10-07T20:22:40.981-03:00 DEBUG 8736 --- [MeliUrlShorter] [           main] o.s.data.convert.CustomConversions       : Adding converter from class [B to class java.time.LocalTime as reading converter
2024-10-07T20:22:40.981-03:00 DEBUG 8736 --- [MeliUrlShorter] [           main] o.s.data.convert.CustomConversions       : Adding converter from class java.time.ZonedDateTime to class [B as reading converter
2024-10-07T20:22:40.981-03:00 DEBUG 8736 --- [MeliUrlShorter] [           main] o.s.data.convert.CustomConversions       : Adding converter from class [B to class java.time.ZonedDateTime as reading converter
2024-10-07T20:22:40.981-03:00 DEBUG 8736 --- [MeliUrlShorter] [           main] o.s.data.convert.CustomConversions       : Adding converter from class java.time.Instant to class [B as reading converter
2024-10-07T20:22:40.982-03:00 DEBUG 8736 --- [MeliUrlShorter] [           main] o.s.data.convert.CustomConversions       : Adding converter from class [B to class java.time.Instant as reading converter
2024-10-07T20:22:40.982-03:00 DEBUG 8736 --- [MeliUrlShorter] [           main] o.s.data.convert.CustomConversions       : Adding converter from class java.time.ZoneId to class [B as reading converter
2024-10-07T20:22:40.982-03:00 DEBUG 8736 --- [MeliUrlShorter] [           main] o.s.data.convert.CustomConversions       : Adding converter from class [B to class java.time.ZoneId as reading converter
2024-10-07T20:22:40.982-03:00 DEBUG 8736 --- [MeliUrlShorter] [           main] o.s.data.convert.CustomConversions       : Adding converter from class java.time.Period to class [B as reading converter
2024-10-07T20:22:40.982-03:00 DEBUG 8736 --- [MeliUrlShorter] [           main] o.s.data.convert.CustomConversions       : Adding converter from class [B to class java.time.Period as reading converter
2024-10-07T20:22:40.982-03:00 DEBUG 8736 --- [MeliUrlShorter] [           main] o.s.data.convert.CustomConversions       : Adding converter from class java.time.Duration to class [B as reading converter
2024-10-07T20:22:40.982-03:00 DEBUG 8736 --- [MeliUrlShorter] [           main] o.s.data.convert.CustomConversions       : Adding converter from class [B to class java.time.Duration as reading converter
2024-10-07T20:22:40.982-03:00 DEBUG 8736 --- [MeliUrlShorter] [           main] o.s.data.convert.CustomConversions       : Adding converter from class java.time.OffsetDateTime to class [B as reading converter
2024-10-07T20:22:40.982-03:00 DEBUG 8736 --- [MeliUrlShorter] [           main] o.s.data.convert.CustomConversions       : Adding converter from class [B to class java.time.OffsetDateTime as reading converter
2024-10-07T20:22:40.982-03:00 DEBUG 8736 --- [MeliUrlShorter] [           main] o.s.data.convert.CustomConversions       : Adding converter from class java.time.OffsetTime to class [B as reading converter
2024-10-07T20:22:40.982-03:00 DEBUG 8736 --- [MeliUrlShorter] [           main] o.s.data.convert.CustomConversions       : Adding converter from class [B to class java.time.OffsetTime as reading converter
2024-10-07T20:22:40.983-03:00 DEBUG 8736 --- [MeliUrlShorter] [           main] o.s.data.convert.CustomConversions       : Adding converter from class java.util.Date to class java.time.LocalDateTime as reading converter
2024-10-07T20:22:40.983-03:00 DEBUG 8736 --- [MeliUrlShorter] [           main] o.s.data.convert.CustomConversions       : Adding converter from class java.time.LocalDateTime to class java.util.Date as writing converter
2024-10-07T20:22:40.983-03:00 DEBUG 8736 --- [MeliUrlShorter] [           main] o.s.data.convert.CustomConversions       : Adding converter from class java.util.Date to class java.time.LocalDate as reading converter
2024-10-07T20:22:40.983-03:00 DEBUG 8736 --- [MeliUrlShorter] [           main] o.s.data.convert.CustomConversions       : Adding converter from class java.time.LocalDate to class java.util.Date as writing converter
2024-10-07T20:22:40.983-03:00 DEBUG 8736 --- [MeliUrlShorter] [           main] o.s.data.convert.CustomConversions       : Adding converter from class java.util.Date to class java.time.LocalTime as reading converter
2024-10-07T20:22:40.983-03:00 DEBUG 8736 --- [MeliUrlShorter] [           main] o.s.data.convert.CustomConversions       : Adding converter from class java.time.LocalTime to class java.util.Date as writing converter
2024-10-07T20:22:40.983-03:00 DEBUG 8736 --- [MeliUrlShorter] [           main] o.s.data.convert.CustomConversions       : Adding converter from class java.util.Date to class java.time.Instant as reading converter
2024-10-07T20:22:40.983-03:00 DEBUG 8736 --- [MeliUrlShorter] [           main] o.s.data.convert.CustomConversions       : Adding converter from class java.time.Instant to class java.util.Date as writing converter
2024-10-07T20:22:40.983-03:00 DEBUG 8736 --- [MeliUrlShorter] [           main] o.s.data.convert.CustomConversions       : Adding converter from class java.time.LocalDateTime to class java.time.Instant as reading converter
2024-10-07T20:22:40.983-03:00 DEBUG 8736 --- [MeliUrlShorter] [           main] o.s.data.convert.CustomConversions       : Adding converter from class java.time.Instant to class java.time.LocalDateTime as reading converter
2024-10-07T20:22:40.983-03:00 DEBUG 8736 --- [MeliUrlShorter] [           main] o.s.data.convert.CustomConversions       : Adding converter from class java.time.ZoneId to class java.lang.String as writing converter
2024-10-07T20:22:40.984-03:00 DEBUG 8736 --- [MeliUrlShorter] [           main] o.s.data.convert.CustomConversions       : Adding converter from class java.lang.String to class java.time.ZoneId as reading converter
2024-10-07T20:22:40.984-03:00 DEBUG 8736 --- [MeliUrlShorter] [           main] o.s.data.convert.CustomConversions       : Adding converter from class java.time.Duration to class java.lang.String as writing converter
2024-10-07T20:22:40.984-03:00 DEBUG 8736 --- [MeliUrlShorter] [           main] o.s.data.convert.CustomConversions       : Adding converter from class java.lang.String to class java.time.Duration as reading converter
2024-10-07T20:22:40.984-03:00 DEBUG 8736 --- [MeliUrlShorter] [           main] o.s.data.convert.CustomConversions       : Adding converter from class java.time.Period to class java.lang.String as writing converter
2024-10-07T20:22:40.984-03:00 DEBUG 8736 --- [MeliUrlShorter] [           main] o.s.data.convert.CustomConversions       : Adding converter from class java.lang.String to class java.time.Period as reading converter
2024-10-07T20:22:40.984-03:00 DEBUG 8736 --- [MeliUrlShorter] [           main] o.s.data.convert.CustomConversions       : Adding converter from class java.lang.String to class java.time.LocalDate as reading converter
2024-10-07T20:22:40.984-03:00 DEBUG 8736 --- [MeliUrlShorter] [           main] o.s.data.convert.CustomConversions       : Adding converter from class java.lang.String to class java.time.LocalDateTime as reading converter
2024-10-07T20:22:40.984-03:00 DEBUG 8736 --- [MeliUrlShorter] [           main] o.s.data.convert.CustomConversions       : Adding converter from class java.lang.String to class java.time.Instant as reading converter
2024-10-07T20:22:40.986-03:00 DEBUG 8736 --- [MeliUrlShorter] [           main] o.s.data.convert.CustomConversions       : Adding converter from class java.lang.String to class [B as writing converter
2024-10-07T20:22:40.986-03:00 DEBUG 8736 --- [MeliUrlShorter] [           main] o.s.data.convert.CustomConversions       : Adding converter from class [B to class java.lang.String as reading converter
2024-10-07T20:22:40.986-03:00 DEBUG 8736 --- [MeliUrlShorter] [           main] o.s.data.convert.CustomConversions       : Adding converter from class java.lang.Number to class [B as writing converter
2024-10-07T20:22:40.986-03:00 DEBUG 8736 --- [MeliUrlShorter] [           main] o.s.data.convert.CustomConversions       : Adding converter from class [B to class java.lang.Number as reading converter
2024-10-07T20:22:40.986-03:00 DEBUG 8736 --- [MeliUrlShorter] [           main] o.s.data.convert.CustomConversions       : Adding converter from class java.lang.Enum to class [B as writing converter
2024-10-07T20:22:40.986-03:00 DEBUG 8736 --- [MeliUrlShorter] [           main] o.s.data.convert.CustomConversions       : Adding converter from class [B to class java.lang.Enum as reading converter
2024-10-07T20:22:40.986-03:00 DEBUG 8736 --- [MeliUrlShorter] [           main] o.s.data.convert.CustomConversions       : Adding converter from class java.lang.Boolean to class [B as writing converter
2024-10-07T20:22:40.986-03:00 DEBUG 8736 --- [MeliUrlShorter] [           main] o.s.data.convert.CustomConversions       : Adding converter from class [B to class java.lang.Boolean as reading converter
2024-10-07T20:22:40.986-03:00 DEBUG 8736 --- [MeliUrlShorter] [           main] o.s.data.convert.CustomConversions       : Adding converter from class java.util.Date to class [B as writing converter
2024-10-07T20:22:40.986-03:00 DEBUG 8736 --- [MeliUrlShorter] [           main] o.s.data.convert.CustomConversions       : Adding converter from class [B to class java.util.Date as reading converter
2024-10-07T20:22:40.987-03:00 DEBUG 8736 --- [MeliUrlShorter] [           main] o.s.data.convert.CustomConversions       : Adding converter from class java.util.UUID to class [B as writing converter
2024-10-07T20:22:40.987-03:00 DEBUG 8736 --- [MeliUrlShorter] [           main] o.s.data.convert.CustomConversions       : Adding converter from class [B to class java.util.UUID as reading converter
2024-10-07T20:22:40.987-03:00 DEBUG 8736 --- [MeliUrlShorter] [           main] o.s.data.convert.CustomConversions       : Adding converter from class java.time.LocalDateTime to class [B as reading converter
2024-10-07T20:22:40.987-03:00 DEBUG 8736 --- [MeliUrlShorter] [           main] o.s.data.convert.CustomConversions       : Adding converter from class [B to class java.time.LocalDateTime as reading converter
2024-10-07T20:22:40.987-03:00 DEBUG 8736 --- [MeliUrlShorter] [           main] o.s.data.convert.CustomConversions       : Adding converter from class java.time.LocalDate to class [B as reading converter
2024-10-07T20:22:40.987-03:00 DEBUG 8736 --- [MeliUrlShorter] [           main] o.s.data.convert.CustomConversions       : Adding converter from class [B to class java.time.LocalDate as reading converter
2024-10-07T20:22:40.987-03:00 DEBUG 8736 --- [MeliUrlShorter] [           main] o.s.data.convert.CustomConversions       : Adding converter from class java.time.LocalTime to class [B as reading converter
2024-10-07T20:22:40.987-03:00 DEBUG 8736 --- [MeliUrlShorter] [           main] o.s.data.convert.CustomConversions       : Adding converter from class [B to class java.time.LocalTime as reading converter
2024-10-07T20:22:40.987-03:00 DEBUG 8736 --- [MeliUrlShorter] [           main] o.s.data.convert.CustomConversions       : Adding converter from class java.time.ZonedDateTime to class [B as reading converter
2024-10-07T20:22:40.987-03:00 DEBUG 8736 --- [MeliUrlShorter] [           main] o.s.data.convert.CustomConversions       : Adding converter from class [B to class java.time.ZonedDateTime as reading converter
2024-10-07T20:22:40.987-03:00 DEBUG 8736 --- [MeliUrlShorter] [           main] o.s.data.convert.CustomConversions       : Adding converter from class java.time.Instant to class [B as reading converter
2024-10-07T20:22:40.987-03:00 DEBUG 8736 --- [MeliUrlShorter] [           main] o.s.data.convert.CustomConversions       : Adding converter from class [B to class java.time.Instant as reading converter
2024-10-07T20:22:40.987-03:00 DEBUG 8736 --- [MeliUrlShorter] [           main] o.s.data.convert.CustomConversions       : Adding converter from class java.time.ZoneId to class [B as reading converter
2024-10-07T20:22:40.988-03:00 DEBUG 8736 --- [MeliUrlShorter] [           main] o.s.data.convert.CustomConversions       : Adding converter from class [B to class java.time.ZoneId as reading converter
2024-10-07T20:22:40.988-03:00 DEBUG 8736 --- [MeliUrlShorter] [           main] o.s.data.convert.CustomConversions       : Adding converter from class java.time.Period to class [B as reading converter
2024-10-07T20:22:40.988-03:00 DEBUG 8736 --- [MeliUrlShorter] [           main] o.s.data.convert.CustomConversions       : Adding converter from class [B to class java.time.Period as reading converter
2024-10-07T20:22:40.988-03:00 DEBUG 8736 --- [MeliUrlShorter] [           main] o.s.data.convert.CustomConversions       : Adding converter from class java.time.Duration to class [B as reading converter
2024-10-07T20:22:40.988-03:00 DEBUG 8736 --- [MeliUrlShorter] [           main] o.s.data.convert.CustomConversions       : Adding converter from class [B to class java.time.Duration as reading converter
2024-10-07T20:22:40.988-03:00 DEBUG 8736 --- [MeliUrlShorter] [           main] o.s.data.convert.CustomConversions       : Adding converter from class java.time.OffsetDateTime to class [B as reading converter
2024-10-07T20:22:40.988-03:00 DEBUG 8736 --- [MeliUrlShorter] [           main] o.s.data.convert.CustomConversions       : Adding converter from class [B to class java.time.OffsetDateTime as reading converter
2024-10-07T20:22:40.988-03:00 DEBUG 8736 --- [MeliUrlShorter] [           main] o.s.data.convert.CustomConversions       : Adding converter from class java.time.OffsetTime to class [B as reading converter
2024-10-07T20:22:40.988-03:00 DEBUG 8736 --- [MeliUrlShorter] [           main] o.s.data.convert.CustomConversions       : Adding converter from class [B to class java.time.OffsetTime as reading converter
2024-10-07T20:22:40.988-03:00 DEBUG 8736 --- [MeliUrlShorter] [           main] o.s.data.convert.CustomConversions       : Adding converter from class java.util.Date to class java.time.LocalDateTime as reading converter
2024-10-07T20:22:40.988-03:00 DEBUG 8736 --- [MeliUrlShorter] [           main] o.s.data.convert.CustomConversions       : Adding converter from class java.time.LocalDateTime to class java.util.Date as writing converter
2024-10-07T20:22:40.988-03:00 DEBUG 8736 --- [MeliUrlShorter] [           main] o.s.data.convert.CustomConversions       : Adding converter from class java.util.Date to class java.time.LocalDate as reading converter
2024-10-07T20:22:40.989-03:00 DEBUG 8736 --- [MeliUrlShorter] [           main] o.s.data.convert.CustomConversions       : Adding converter from class java.time.LocalDate to class java.util.Date as writing converter
2024-10-07T20:22:40.989-03:00 DEBUG 8736 --- [MeliUrlShorter] [           main] o.s.data.convert.CustomConversions       : Adding converter from class java.util.Date to class java.time.LocalTime as reading converter
2024-10-07T20:22:40.989-03:00 DEBUG 8736 --- [MeliUrlShorter] [           main] o.s.data.convert.CustomConversions       : Adding converter from class java.time.LocalTime to class java.util.Date as writing converter
2024-10-07T20:22:40.989-03:00 DEBUG 8736 --- [MeliUrlShorter] [           main] o.s.data.convert.CustomConversions       : Adding converter from class java.util.Date to class java.time.Instant as reading converter
2024-10-07T20:22:40.989-03:00 DEBUG 8736 --- [MeliUrlShorter] [           main] o.s.data.convert.CustomConversions       : Adding converter from class java.time.Instant to class java.util.Date as writing converter
2024-10-07T20:22:40.989-03:00 DEBUG 8736 --- [MeliUrlShorter] [           main] o.s.data.convert.CustomConversions       : Adding converter from class java.time.LocalDateTime to class java.time.Instant as reading converter
2024-10-07T20:22:40.989-03:00 DEBUG 8736 --- [MeliUrlShorter] [           main] o.s.data.convert.CustomConversions       : Adding converter from class java.time.Instant to class java.time.LocalDateTime as reading converter
2024-10-07T20:22:40.989-03:00 DEBUG 8736 --- [MeliUrlShorter] [           main] o.s.data.convert.CustomConversions       : Adding converter from class java.time.ZoneId to class java.lang.String as writing converter
2024-10-07T20:22:40.989-03:00 DEBUG 8736 --- [MeliUrlShorter] [           main] o.s.data.convert.CustomConversions       : Adding converter from class java.lang.String to class java.time.ZoneId as reading converter
2024-10-07T20:22:40.989-03:00 DEBUG 8736 --- [MeliUrlShorter] [           main] o.s.data.convert.CustomConversions       : Adding converter from class java.time.Duration to class java.lang.String as writing converter
2024-10-07T20:22:40.989-03:00 DEBUG 8736 --- [MeliUrlShorter] [           main] o.s.data.convert.CustomConversions       : Adding converter from class java.lang.String to class java.time.Duration as reading converter
2024-10-07T20:22:40.989-03:00 DEBUG 8736 --- [MeliUrlShorter] [           main] o.s.data.convert.CustomConversions       : Adding converter from class java.time.Period to class java.lang.String as writing converter
2024-10-07T20:22:40.989-03:00 DEBUG 8736 --- [MeliUrlShorter] [           main] o.s.data.convert.CustomConversions       : Adding converter from class java.lang.String to class java.time.Period as reading converter
2024-10-07T20:22:40.989-03:00 DEBUG 8736 --- [MeliUrlShorter] [           main] o.s.data.convert.CustomConversions       : Adding converter from class java.lang.String to class java.time.LocalDate as reading converter
2024-10-07T20:22:40.989-03:00 DEBUG 8736 --- [MeliUrlShorter] [           main] o.s.data.convert.CustomConversions       : Adding converter from class java.lang.String to class java.time.LocalDateTime as reading converter
2024-10-07T20:22:40.990-03:00 DEBUG 8736 --- [MeliUrlShorter] [           main] o.s.data.convert.CustomConversions       : Adding converter from class java.lang.String to class java.time.Instant as reading converter
2024-10-07T20:22:41.000-03:00 DEBUG 8736 --- [MeliUrlShorter] [           main] o.s.data.convert.CustomConversions       : Adding converter from class java.lang.String to class [B as writing converter
2024-10-07T20:22:41.001-03:00 DEBUG 8736 --- [MeliUrlShorter] [           main] o.s.data.convert.CustomConversions       : Adding converter from class [B to class java.lang.String as reading converter
2024-10-07T20:22:41.001-03:00 DEBUG 8736 --- [MeliUrlShorter] [           main] o.s.data.convert.CustomConversions       : Adding converter from class java.lang.Number to class [B as writing converter
2024-10-07T20:22:41.001-03:00 DEBUG 8736 --- [MeliUrlShorter] [           main] o.s.data.convert.CustomConversions       : Adding converter from class [B to class java.lang.Number as reading converter
2024-10-07T20:22:41.001-03:00 DEBUG 8736 --- [MeliUrlShorter] [           main] o.s.data.convert.CustomConversions       : Adding converter from class java.lang.Enum to class [B as writing converter
2024-10-07T20:22:41.001-03:00 DEBUG 8736 --- [MeliUrlShorter] [           main] o.s.data.convert.CustomConversions       : Adding converter from class [B to class java.lang.Enum as reading converter
2024-10-07T20:22:41.001-03:00 DEBUG 8736 --- [MeliUrlShorter] [           main] o.s.data.convert.CustomConversions       : Adding converter from class java.lang.Boolean to class [B as writing converter
2024-10-07T20:22:41.001-03:00 DEBUG 8736 --- [MeliUrlShorter] [           main] o.s.data.convert.CustomConversions       : Adding converter from class [B to class java.lang.Boolean as reading converter
2024-10-07T20:22:41.001-03:00 DEBUG 8736 --- [MeliUrlShorter] [           main] o.s.data.convert.CustomConversions       : Adding converter from class java.util.Date to class [B as writing converter
2024-10-07T20:22:41.001-03:00 DEBUG 8736 --- [MeliUrlShorter] [           main] o.s.data.convert.CustomConversions       : Adding converter from class [B to class java.util.Date as reading converter
2024-10-07T20:22:41.001-03:00 DEBUG 8736 --- [MeliUrlShorter] [           main] o.s.data.convert.CustomConversions       : Adding converter from class java.util.UUID to class [B as writing converter
2024-10-07T20:22:41.001-03:00 DEBUG 8736 --- [MeliUrlShorter] [           main] o.s.data.convert.CustomConversions       : Adding converter from class [B to class java.util.UUID as reading converter
2024-10-07T20:22:41.001-03:00 DEBUG 8736 --- [MeliUrlShorter] [           main] o.s.data.convert.CustomConversions       : Adding converter from class java.time.LocalDateTime to class [B as reading converter
2024-10-07T20:22:41.001-03:00 DEBUG 8736 --- [MeliUrlShorter] [           main] o.s.data.convert.CustomConversions       : Adding converter from class [B to class java.time.LocalDateTime as reading converter
2024-10-07T20:22:41.002-03:00 DEBUG 8736 --- [MeliUrlShorter] [           main] o.s.data.convert.CustomConversions       : Adding converter from class java.time.LocalDate to class [B as reading converter
2024-10-07T20:22:41.002-03:00 DEBUG 8736 --- [MeliUrlShorter] [           main] o.s.data.convert.CustomConversions       : Adding converter from class [B to class java.time.LocalDate as reading converter
2024-10-07T20:22:41.002-03:00 DEBUG 8736 --- [MeliUrlShorter] [           main] o.s.data.convert.CustomConversions       : Adding converter from class java.time.LocalTime to class [B as reading converter
2024-10-07T20:22:41.002-03:00 DEBUG 8736 --- [MeliUrlShorter] [           main] o.s.data.convert.CustomConversions       : Adding converter from class [B to class java.time.LocalTime as reading converter
2024-10-07T20:22:41.002-03:00 DEBUG 8736 --- [MeliUrlShorter] [           main] o.s.data.convert.CustomConversions       : Adding converter from class java.time.ZonedDateTime to class [B as reading converter
2024-10-07T20:22:41.002-03:00 DEBUG 8736 --- [MeliUrlShorter] [           main] o.s.data.convert.CustomConversions       : Adding converter from class [B to class java.time.ZonedDateTime as reading converter
2024-10-07T20:22:41.002-03:00 DEBUG 8736 --- [MeliUrlShorter] [           main] o.s.data.convert.CustomConversions       : Adding converter from class java.time.Instant to class [B as reading converter
2024-10-07T20:22:41.002-03:00 DEBUG 8736 --- [MeliUrlShorter] [           main] o.s.data.convert.CustomConversions       : Adding converter from class [B to class java.time.Instant as reading converter
2024-10-07T20:22:41.002-03:00 DEBUG 8736 --- [MeliUrlShorter] [           main] o.s.data.convert.CustomConversions       : Adding converter from class java.time.ZoneId to class [B as reading converter
2024-10-07T20:22:41.002-03:00 DEBUG 8736 --- [MeliUrlShorter] [           main] o.s.data.convert.CustomConversions       : Adding converter from class [B to class java.time.ZoneId as reading converter
2024-10-07T20:22:41.002-03:00 DEBUG 8736 --- [MeliUrlShorter] [           main] o.s.data.convert.CustomConversions       : Adding converter from class java.time.Period to class [B as reading converter
2024-10-07T20:22:41.002-03:00 DEBUG 8736 --- [MeliUrlShorter] [           main] o.s.data.convert.CustomConversions       : Adding converter from class [B to class java.time.Period as reading converter
2024-10-07T20:22:41.002-03:00 DEBUG 8736 --- [MeliUrlShorter] [           main] o.s.data.convert.CustomConversions       : Adding converter from class java.time.Duration to class [B as reading converter
2024-10-07T20:22:41.003-03:00 DEBUG 8736 --- [MeliUrlShorter] [           main] o.s.data.convert.CustomConversions       : Adding converter from class [B to class java.time.Duration as reading converter
2024-10-07T20:22:41.003-03:00 DEBUG 8736 --- [MeliUrlShorter] [           main] o.s.data.convert.CustomConversions       : Adding converter from class java.time.OffsetDateTime to class [B as reading converter
2024-10-07T20:22:41.003-03:00 DEBUG 8736 --- [MeliUrlShorter] [           main] o.s.data.convert.CustomConversions       : Adding converter from class [B to class java.time.OffsetDateTime as reading converter
2024-10-07T20:22:41.003-03:00 DEBUG 8736 --- [MeliUrlShorter] [           main] o.s.data.convert.CustomConversions       : Adding converter from class java.time.OffsetTime to class [B as reading converter
2024-10-07T20:22:41.003-03:00 DEBUG 8736 --- [MeliUrlShorter] [           main] o.s.data.convert.CustomConversions       : Adding converter from class [B to class java.time.OffsetTime as reading converter
2024-10-07T20:22:41.003-03:00 DEBUG 8736 --- [MeliUrlShorter] [           main] o.s.data.convert.CustomConversions       : Adding converter from class java.util.Date to class java.time.LocalDateTime as reading converter
2024-10-07T20:22:41.003-03:00 DEBUG 8736 --- [MeliUrlShorter] [           main] o.s.data.convert.CustomConversions       : Adding converter from class java.time.LocalDateTime to class java.util.Date as writing converter
2024-10-07T20:22:41.003-03:00 DEBUG 8736 --- [MeliUrlShorter] [           main] o.s.data.convert.CustomConversions       : Adding converter from class java.util.Date to class java.time.LocalDate as reading converter
2024-10-07T20:22:41.003-03:00 DEBUG 8736 --- [MeliUrlShorter] [           main] o.s.data.convert.CustomConversions       : Adding converter from class java.time.LocalDate to class java.util.Date as writing converter
2024-10-07T20:22:41.003-03:00 DEBUG 8736 --- [MeliUrlShorter] [           main] o.s.data.convert.CustomConversions       : Adding converter from class java.util.Date to class java.time.LocalTime as reading converter
2024-10-07T20:22:41.003-03:00 DEBUG 8736 --- [MeliUrlShorter] [           main] o.s.data.convert.CustomConversions       : Adding converter from class java.time.LocalTime to class java.util.Date as writing converter
2024-10-07T20:22:41.003-03:00 DEBUG 8736 --- [MeliUrlShorter] [           main] o.s.data.convert.CustomConversions       : Adding converter from class java.util.Date to class java.time.Instant as reading converter
2024-10-07T20:22:41.003-03:00 DEBUG 8736 --- [MeliUrlShorter] [           main] o.s.data.convert.CustomConversions       : Adding converter from class java.time.Instant to class java.util.Date as writing converter
2024-10-07T20:22:41.004-03:00 DEBUG 8736 --- [MeliUrlShorter] [           main] o.s.data.convert.CustomConversions       : Adding converter from class java.time.LocalDateTime to class java.time.Instant as reading converter
2024-10-07T20:22:41.004-03:00 DEBUG 8736 --- [MeliUrlShorter] [           main] o.s.data.convert.CustomConversions       : Adding converter from class java.time.Instant to class java.time.LocalDateTime as reading converter
2024-10-07T20:22:41.004-03:00 DEBUG 8736 --- [MeliUrlShorter] [           main] o.s.data.convert.CustomConversions       : Adding converter from class java.time.ZoneId to class java.lang.String as writing converter
2024-10-07T20:22:41.004-03:00 DEBUG 8736 --- [MeliUrlShorter] [           main] o.s.data.convert.CustomConversions       : Adding converter from class java.lang.String to class java.time.ZoneId as reading converter
2024-10-07T20:22:41.004-03:00 DEBUG 8736 --- [MeliUrlShorter] [           main] o.s.data.convert.CustomConversions       : Adding converter from class java.time.Duration to class java.lang.String as writing converter
2024-10-07T20:22:41.004-03:00 DEBUG 8736 --- [MeliUrlShorter] [           main] o.s.data.convert.CustomConversions       : Adding converter from class java.lang.String to class java.time.Duration as reading converter
2024-10-07T20:22:41.004-03:00 DEBUG 8736 --- [MeliUrlShorter] [           main] o.s.data.convert.CustomConversions       : Adding converter from class java.time.Period to class java.lang.String as writing converter
2024-10-07T20:22:41.004-03:00 DEBUG 8736 --- [MeliUrlShorter] [           main] o.s.data.convert.CustomConversions       : Adding converter from class java.lang.String to class java.time.Period as reading converter
2024-10-07T20:22:41.004-03:00 DEBUG 8736 --- [MeliUrlShorter] [           main] o.s.data.convert.CustomConversions       : Adding converter from class java.lang.String to class java.time.LocalDate as reading converter
2024-10-07T20:22:41.004-03:00 DEBUG 8736 --- [MeliUrlShorter] [           main] o.s.data.convert.CustomConversions       : Adding converter from class java.lang.String to class java.time.LocalDateTime as reading converter
2024-10-07T20:22:41.004-03:00 DEBUG 8736 --- [MeliUrlShorter] [           main] o.s.data.convert.CustomConversions       : Adding converter from class java.lang.String to class java.time.Instant as reading converter
2024-10-07T20:22:41.007-03:00 DEBUG 8736 --- [MeliUrlShorter] [           main] o.s.data.convert.CustomConversions       : Adding converter from class java.lang.String to class [B as writing converter
2024-10-07T20:22:41.007-03:00 DEBUG 8736 --- [MeliUrlShorter] [           main] o.s.data.convert.CustomConversions       : Adding converter from class [B to class java.lang.String as reading converter
2024-10-07T20:22:41.008-03:00 DEBUG 8736 --- [MeliUrlShorter] [           main] o.s.data.convert.CustomConversions       : Adding converter from class java.lang.Number to class [B as writing converter
2024-10-07T20:22:41.008-03:00 DEBUG 8736 --- [MeliUrlShorter] [           main] o.s.data.convert.CustomConversions       : Adding converter from class [B to class java.lang.Number as reading converter
2024-10-07T20:22:41.008-03:00 DEBUG 8736 --- [MeliUrlShorter] [           main] o.s.data.convert.CustomConversions       : Adding converter from class java.lang.Enum to class [B as writing converter
2024-10-07T20:22:41.008-03:00 DEBUG 8736 --- [MeliUrlShorter] [           main] o.s.data.convert.CustomConversions       : Adding converter from class [B to class java.lang.Enum as reading converter
2024-10-07T20:22:41.008-03:00 DEBUG 8736 --- [MeliUrlShorter] [           main] o.s.data.convert.CustomConversions       : Adding converter from class java.lang.Boolean to class [B as writing converter
2024-10-07T20:22:41.008-03:00 DEBUG 8736 --- [MeliUrlShorter] [           main] o.s.data.convert.CustomConversions       : Adding converter from class [B to class java.lang.Boolean as reading converter
2024-10-07T20:22:41.008-03:00 DEBUG 8736 --- [MeliUrlShorter] [           main] o.s.data.convert.CustomConversions       : Adding converter from class java.util.Date to class [B as writing converter
2024-10-07T20:22:41.008-03:00 DEBUG 8736 --- [MeliUrlShorter] [           main] o.s.data.convert.CustomConversions       : Adding converter from class [B to class java.util.Date as reading converter
2024-10-07T20:22:41.008-03:00 DEBUG 8736 --- [MeliUrlShorter] [           main] o.s.data.convert.CustomConversions       : Adding converter from class java.util.UUID to class [B as writing converter
2024-10-07T20:22:41.008-03:00 DEBUG 8736 --- [MeliUrlShorter] [           main] o.s.data.convert.CustomConversions       : Adding converter from class [B to class java.util.UUID as reading converter
2024-10-07T20:22:41.008-03:00 DEBUG 8736 --- [MeliUrlShorter] [           main] o.s.data.convert.CustomConversions       : Adding converter from class java.time.LocalDateTime to class [B as reading converter
2024-10-07T20:22:41.008-03:00 DEBUG 8736 --- [MeliUrlShorter] [           main] o.s.data.convert.CustomConversions       : Adding converter from class [B to class java.time.LocalDateTime as reading converter
2024-10-07T20:22:41.008-03:00 DEBUG 8736 --- [MeliUrlShorter] [           main] o.s.data.convert.CustomConversions       : Adding converter from class java.time.LocalDate to class [B as reading converter
2024-10-07T20:22:41.008-03:00 DEBUG 8736 --- [MeliUrlShorter] [           main] o.s.data.convert.CustomConversions       : Adding converter from class [B to class java.time.LocalDate as reading converter
2024-10-07T20:22:41.008-03:00 DEBUG 8736 --- [MeliUrlShorter] [           main] o.s.data.convert.CustomConversions       : Adding converter from class java.time.LocalTime to class [B as reading converter
2024-10-07T20:22:41.008-03:00 DEBUG 8736 --- [MeliUrlShorter] [           main] o.s.data.convert.CustomConversions       : Adding converter from class [B to class java.time.LocalTime as reading converter
2024-10-07T20:22:41.009-03:00 DEBUG 8736 --- [MeliUrlShorter] [           main] o.s.data.convert.CustomConversions       : Adding converter from class java.time.ZonedDateTime to class [B as reading converter
2024-10-07T20:22:41.009-03:00 DEBUG 8736 --- [MeliUrlShorter] [           main] o.s.data.convert.CustomConversions       : Adding converter from class [B to class java.time.ZonedDateTime as reading converter
2024-10-07T20:22:41.009-03:00 DEBUG 8736 --- [MeliUrlShorter] [           main] o.s.data.convert.CustomConversions       : Adding converter from class java.time.Instant to class [B as reading converter
2024-10-07T20:22:41.009-03:00 DEBUG 8736 --- [MeliUrlShorter] [           main] o.s.data.convert.CustomConversions       : Adding converter from class [B to class java.time.Instant as reading converter
2024-10-07T20:22:41.009-03:00 DEBUG 8736 --- [MeliUrlShorter] [           main] o.s.data.convert.CustomConversions       : Adding converter from class java.time.ZoneId to class [B as reading converter
2024-10-07T20:22:41.009-03:00 DEBUG 8736 --- [MeliUrlShorter] [           main] o.s.data.convert.CustomConversions       : Adding converter from class [B to class java.time.ZoneId as reading converter
2024-10-07T20:22:41.009-03:00 DEBUG 8736 --- [MeliUrlShorter] [           main] o.s.data.convert.CustomConversions       : Adding converter from class java.time.Period to class [B as reading converter
2024-10-07T20:22:41.009-03:00 DEBUG 8736 --- [MeliUrlShorter] [           main] o.s.data.convert.CustomConversions       : Adding converter from class [B to class java.time.Period as reading converter
2024-10-07T20:22:41.009-03:00 DEBUG 8736 --- [MeliUrlShorter] [           main] o.s.data.convert.CustomConversions       : Adding converter from class java.time.Duration to class [B as reading converter
2024-10-07T20:22:41.009-03:00 DEBUG 8736 --- [MeliUrlShorter] [           main] o.s.data.convert.CustomConversions       : Adding converter from class [B to class java.time.Duration as reading converter
2024-10-07T20:22:41.009-03:00 DEBUG 8736 --- [MeliUrlShorter] [           main] o.s.data.convert.CustomConversions       : Adding converter from class java.time.OffsetDateTime to class [B as reading converter
2024-10-07T20:22:41.009-03:00 DEBUG 8736 --- [MeliUrlShorter] [           main] o.s.data.convert.CustomConversions       : Adding converter from class [B to class java.time.OffsetDateTime as reading converter
2024-10-07T20:22:41.009-03:00 DEBUG 8736 --- [MeliUrlShorter] [           main] o.s.data.convert.CustomConversions       : Adding converter from class java.time.OffsetTime to class [B as reading converter
2024-10-07T20:22:41.010-03:00 DEBUG 8736 --- [MeliUrlShorter] [           main] o.s.data.convert.CustomConversions       : Adding converter from class [B to class java.time.OffsetTime as reading converter
2024-10-07T20:22:41.010-03:00 DEBUG 8736 --- [MeliUrlShorter] [           main] o.s.data.convert.CustomConversions       : Adding converter from class java.util.Date to class java.time.LocalDateTime as reading converter
2024-10-07T20:22:41.010-03:00 DEBUG 8736 --- [MeliUrlShorter] [           main] o.s.data.convert.CustomConversions       : Adding converter from class java.time.LocalDateTime to class java.util.Date as writing converter
2024-10-07T20:22:41.010-03:00 DEBUG 8736 --- [MeliUrlShorter] [           main] o.s.data.convert.CustomConversions       : Adding converter from class java.util.Date to class java.time.LocalDate as reading converter
2024-10-07T20:22:41.010-03:00 DEBUG 8736 --- [MeliUrlShorter] [           main] o.s.data.convert.CustomConversions       : Adding converter from class java.time.LocalDate to class java.util.Date as writing converter
2024-10-07T20:22:41.010-03:00 DEBUG 8736 --- [MeliUrlShorter] [           main] o.s.data.convert.CustomConversions       : Adding converter from class java.util.Date to class java.time.LocalTime as reading converter
2024-10-07T20:22:41.010-03:00 DEBUG 8736 --- [MeliUrlShorter] [           main] o.s.data.convert.CustomConversions       : Adding converter from class java.time.LocalTime to class java.util.Date as writing converter
2024-10-07T20:22:41.010-03:00 DEBUG 8736 --- [MeliUrlShorter] [           main] o.s.data.convert.CustomConversions       : Adding converter from class java.util.Date to class java.time.Instant as reading converter
2024-10-07T20:22:41.010-03:00 DEBUG 8736 --- [MeliUrlShorter] [           main] o.s.data.convert.CustomConversions       : Adding converter from class java.time.Instant to class java.util.Date as writing converter
2024-10-07T20:22:41.010-03:00 DEBUG 8736 --- [MeliUrlShorter] [           main] o.s.data.convert.CustomConversions       : Adding converter from class java.time.LocalDateTime to class java.time.Instant as reading converter
2024-10-07T20:22:41.010-03:00 DEBUG 8736 --- [MeliUrlShorter] [           main] o.s.data.convert.CustomConversions       : Adding converter from class java.time.Instant to class java.time.LocalDateTime as reading converter
2024-10-07T20:22:41.010-03:00 DEBUG 8736 --- [MeliUrlShorter] [           main] o.s.data.convert.CustomConversions       : Adding converter from class java.time.ZoneId to class java.lang.String as writing converter
2024-10-07T20:22:41.010-03:00 DEBUG 8736 --- [MeliUrlShorter] [           main] o.s.data.convert.CustomConversions       : Adding converter from class java.lang.String to class java.time.ZoneId as reading converter
2024-10-07T20:22:41.010-03:00 DEBUG 8736 --- [MeliUrlShorter] [           main] o.s.data.convert.CustomConversions       : Adding converter from class java.time.Duration to class java.lang.String as writing converter
2024-10-07T20:22:41.010-03:00 DEBUG 8736 --- [MeliUrlShorter] [           main] o.s.data.convert.CustomConversions       : Adding converter from class java.lang.String to class java.time.Duration as reading converter
2024-10-07T20:22:41.010-03:00 DEBUG 8736 --- [MeliUrlShorter] [           main] o.s.data.convert.CustomConversions       : Adding converter from class java.time.Period to class java.lang.String as writing converter
2024-10-07T20:22:41.010-03:00 DEBUG 8736 --- [MeliUrlShorter] [           main] o.s.data.convert.CustomConversions       : Adding converter from class java.lang.String to class java.time.Period as reading converter
2024-10-07T20:22:41.011-03:00 DEBUG 8736 --- [MeliUrlShorter] [           main] o.s.data.convert.CustomConversions       : Adding converter from class java.lang.String to class java.time.LocalDate as reading converter
2024-10-07T20:22:41.011-03:00 DEBUG 8736 --- [MeliUrlShorter] [           main] o.s.data.convert.CustomConversions       : Adding converter from class java.lang.String to class java.time.LocalDateTime as reading converter
2024-10-07T20:22:41.011-03:00 DEBUG 8736 --- [MeliUrlShorter] [           main] o.s.data.convert.CustomConversions       : Adding converter from class java.lang.String to class java.time.Instant as reading converter
2024-10-07T20:22:41.021-03:00 DEBUG 8736 --- [MeliUrlShorter] [           main] o.s.data.convert.CustomConversions       : Adding converter from class java.lang.String to class [B as writing converter
2024-10-07T20:22:41.021-03:00 DEBUG 8736 --- [MeliUrlShorter] [           main] o.s.data.convert.CustomConversions       : Adding converter from class [B to class java.lang.String as reading converter
2024-10-07T20:22:41.021-03:00 DEBUG 8736 --- [MeliUrlShorter] [           main] o.s.data.convert.CustomConversions       : Adding converter from class java.lang.Number to class [B as writing converter
2024-10-07T20:22:41.021-03:00 DEBUG 8736 --- [MeliUrlShorter] [           main] o.s.data.convert.CustomConversions       : Adding converter from class [B to class java.lang.Number as reading converter
2024-10-07T20:22:41.021-03:00 DEBUG 8736 --- [MeliUrlShorter] [           main] o.s.data.convert.CustomConversions       : Adding converter from class java.lang.Enum to class [B as writing converter
2024-10-07T20:22:41.022-03:00 DEBUG 8736 --- [MeliUrlShorter] [           main] o.s.data.convert.CustomConversions       : Adding converter from class [B to class java.lang.Enum as reading converter
2024-10-07T20:22:41.022-03:00 DEBUG 8736 --- [MeliUrlShorter] [           main] o.s.data.convert.CustomConversions       : Adding converter from class java.lang.Boolean to class [B as writing converter
2024-10-07T20:22:41.022-03:00 DEBUG 8736 --- [MeliUrlShorter] [           main] o.s.data.convert.CustomConversions       : Adding converter from class [B to class java.lang.Boolean as reading converter
2024-10-07T20:22:41.022-03:00 DEBUG 8736 --- [MeliUrlShorter] [           main] o.s.data.convert.CustomConversions       : Adding converter from class java.util.Date to class [B as writing converter
2024-10-07T20:22:41.022-03:00 DEBUG 8736 --- [MeliUrlShorter] [           main] o.s.data.convert.CustomConversions       : Adding converter from class [B to class java.util.Date as reading converter
2024-10-07T20:22:41.022-03:00 DEBUG 8736 --- [MeliUrlShorter] [           main] o.s.data.convert.CustomConversions       : Adding converter from class java.util.UUID to class [B as writing converter
2024-10-07T20:22:41.022-03:00 DEBUG 8736 --- [MeliUrlShorter] [           main] o.s.data.convert.CustomConversions       : Adding converter from class [B to class java.util.UUID as reading converter
2024-10-07T20:22:41.022-03:00 DEBUG 8736 --- [MeliUrlShorter] [           main] o.s.data.convert.CustomConversions       : Adding converter from class java.time.LocalDateTime to class [B as reading converter
2024-10-07T20:22:41.022-03:00 DEBUG 8736 --- [MeliUrlShorter] [           main] o.s.data.convert.CustomConversions       : Adding converter from class [B to class java.time.LocalDateTime as reading converter
2024-10-07T20:22:41.022-03:00 DEBUG 8736 --- [MeliUrlShorter] [           main] o.s.data.convert.CustomConversions       : Adding converter from class java.time.LocalDate to class [B as reading converter
2024-10-07T20:22:41.022-03:00 DEBUG 8736 --- [MeliUrlShorter] [           main] o.s.data.convert.CustomConversions       : Adding converter from class [B to class java.time.LocalDate as reading converter
2024-10-07T20:22:41.022-03:00 DEBUG 8736 --- [MeliUrlShorter] [           main] o.s.data.convert.CustomConversions       : Adding converter from class java.time.LocalTime to class [B as reading converter
2024-10-07T20:22:41.022-03:00 DEBUG 8736 --- [MeliUrlShorter] [           main] o.s.data.convert.CustomConversions       : Adding converter from class [B to class java.time.LocalTime as reading converter
2024-10-07T20:22:41.022-03:00 DEBUG 8736 --- [MeliUrlShorter] [           main] o.s.data.convert.CustomConversions       : Adding converter from class java.time.ZonedDateTime to class [B as reading converter
2024-10-07T20:22:41.022-03:00 DEBUG 8736 --- [MeliUrlShorter] [           main] o.s.data.convert.CustomConversions       : Adding converter from class [B to class java.time.ZonedDateTime as reading converter
2024-10-07T20:22:41.023-03:00 DEBUG 8736 --- [MeliUrlShorter] [           main] o.s.data.convert.CustomConversions       : Adding converter from class java.time.Instant to class [B as reading converter
2024-10-07T20:22:41.023-03:00 DEBUG 8736 --- [MeliUrlShorter] [           main] o.s.data.convert.CustomConversions       : Adding converter from class [B to class java.time.Instant as reading converter
2024-10-07T20:22:41.023-03:00 DEBUG 8736 --- [MeliUrlShorter] [           main] o.s.data.convert.CustomConversions       : Adding converter from class java.time.ZoneId to class [B as reading converter
2024-10-07T20:22:41.023-03:00 DEBUG 8736 --- [MeliUrlShorter] [           main] o.s.data.convert.CustomConversions       : Adding converter from class [B to class java.time.ZoneId as reading converter
2024-10-07T20:22:41.023-03:00 DEBUG 8736 --- [MeliUrlShorter] [           main] o.s.data.convert.CustomConversions       : Adding converter from class java.time.Period to class [B as reading converter
2024-10-07T20:22:41.023-03:00 DEBUG 8736 --- [MeliUrlShorter] [           main] o.s.data.convert.CustomConversions       : Adding converter from class [B to class java.time.Period as reading converter
2024-10-07T20:22:41.023-03:00 DEBUG 8736 --- [MeliUrlShorter] [           main] o.s.data.convert.CustomConversions       : Adding converter from class java.time.Duration to class [B as reading converter
2024-10-07T20:22:41.023-03:00 DEBUG 8736 --- [MeliUrlShorter] [           main] o.s.data.convert.CustomConversions       : Adding converter from class [B to class java.time.Duration as reading converter
2024-10-07T20:22:41.023-03:00 DEBUG 8736 --- [MeliUrlShorter] [           main] o.s.data.convert.CustomConversions       : Adding converter from class java.time.OffsetDateTime to class [B as reading converter
2024-10-07T20:22:41.023-03:00 DEBUG 8736 --- [MeliUrlShorter] [           main] o.s.data.convert.CustomConversions       : Adding converter from class [B to class java.time.OffsetDateTime as reading converter
2024-10-07T20:22:41.023-03:00 DEBUG 8736 --- [MeliUrlShorter] [           main] o.s.data.convert.CustomConversions       : Adding converter from class java.time.OffsetTime to class [B as reading converter
2024-10-07T20:22:41.023-03:00 DEBUG 8736 --- [MeliUrlShorter] [           main] o.s.data.convert.CustomConversions       : Adding converter from class [B to class java.time.OffsetTime as reading converter
2024-10-07T20:22:41.023-03:00 DEBUG 8736 --- [MeliUrlShorter] [           main] o.s.data.convert.CustomConversions       : Adding converter from class java.util.Date to class java.time.LocalDateTime as reading converter
2024-10-07T20:22:41.023-03:00 DEBUG 8736 --- [MeliUrlShorter] [           main] o.s.data.convert.CustomConversions       : Adding converter from class java.time.LocalDateTime to class java.util.Date as writing converter
2024-10-07T20:22:41.023-03:00 DEBUG 8736 --- [MeliUrlShorter] [           main] o.s.data.convert.CustomConversions       : Adding converter from class java.util.Date to class java.time.LocalDate as reading converter
2024-10-07T20:22:41.024-03:00 DEBUG 8736 --- [MeliUrlShorter] [           main] o.s.data.convert.CustomConversions       : Adding converter from class java.time.LocalDate to class java.util.Date as writing converter
2024-10-07T20:22:41.024-03:00 DEBUG 8736 --- [MeliUrlShorter] [           main] o.s.data.convert.CustomConversions       : Adding converter from class java.util.Date to class java.time.LocalTime as reading converter
2024-10-07T20:22:41.024-03:00 DEBUG 8736 --- [MeliUrlShorter] [           main] o.s.data.convert.CustomConversions       : Adding converter from class java.time.LocalTime to class java.util.Date as writing converter
2024-10-07T20:22:41.024-03:00 DEBUG 8736 --- [MeliUrlShorter] [           main] o.s.data.convert.CustomConversions       : Adding converter from class java.util.Date to class java.time.Instant as reading converter
2024-10-07T20:22:41.024-03:00 DEBUG 8736 --- [MeliUrlShorter] [           main] o.s.data.convert.CustomConversions       : Adding converter from class java.time.Instant to class java.util.Date as writing converter
2024-10-07T20:22:41.024-03:00 DEBUG 8736 --- [MeliUrlShorter] [           main] o.s.data.convert.CustomConversions       : Adding converter from class java.time.LocalDateTime to class java.time.Instant as reading converter
2024-10-07T20:22:41.024-03:00 DEBUG 8736 --- [MeliUrlShorter] [           main] o.s.data.convert.CustomConversions       : Adding converter from class java.time.Instant to class java.time.LocalDateTime as reading converter
2024-10-07T20:22:41.024-03:00 DEBUG 8736 --- [MeliUrlShorter] [           main] o.s.data.convert.CustomConversions       : Adding converter from class java.time.ZoneId to class java.lang.String as writing converter
2024-10-07T20:22:41.024-03:00 DEBUG 8736 --- [MeliUrlShorter] [           main] o.s.data.convert.CustomConversions       : Adding converter from class java.lang.String to class java.time.ZoneId as reading converter
2024-10-07T20:22:41.024-03:00 DEBUG 8736 --- [MeliUrlShorter] [           main] o.s.data.convert.CustomConversions       : Adding converter from class java.time.Duration to class java.lang.String as writing converter
2024-10-07T20:22:41.024-03:00 DEBUG 8736 --- [MeliUrlShorter] [           main] o.s.data.convert.CustomConversions       : Adding converter from class java.lang.String to class java.time.Duration as reading converter
2024-10-07T20:22:41.024-03:00 DEBUG 8736 --- [MeliUrlShorter] [           main] o.s.data.convert.CustomConversions       : Adding converter from class java.time.Period to class java.lang.String as writing converter
2024-10-07T20:22:41.024-03:00 DEBUG 8736 --- [MeliUrlShorter] [           main] o.s.data.convert.CustomConversions       : Adding converter from class java.lang.String to class java.time.Period as reading converter
2024-10-07T20:22:41.024-03:00 DEBUG 8736 --- [MeliUrlShorter] [           main] o.s.data.convert.CustomConversions       : Adding converter from class java.lang.String to class java.time.LocalDate as reading converter
2024-10-07T20:22:41.025-03:00 DEBUG 8736 --- [MeliUrlShorter] [           main] o.s.data.convert.CustomConversions       : Adding converter from class java.lang.String to class java.time.LocalDateTime as reading converter
2024-10-07T20:22:41.025-03:00 DEBUG 8736 --- [MeliUrlShorter] [           main] o.s.data.convert.CustomConversions       : Adding converter from class java.lang.String to class java.time.Instant as reading converter
2024-10-07T20:22:41.239-03:00 DEBUG 8736 --- [MeliUrlShorter] [           main] o.s.data.convert.CustomConversions       : Adding converter from class java.lang.String to class [B as writing converter
2024-10-07T20:22:41.239-03:00 DEBUG 8736 --- [MeliUrlShorter] [           main] o.s.data.convert.CustomConversions       : Adding converter from class [B to class java.lang.String as reading converter
2024-10-07T20:22:41.239-03:00 DEBUG 8736 --- [MeliUrlShorter] [           main] o.s.data.convert.CustomConversions       : Adding converter from class java.lang.Number to class [B as writing converter
2024-10-07T20:22:41.239-03:00 DEBUG 8736 --- [MeliUrlShorter] [           main] o.s.data.convert.CustomConversions       : Adding converter from class [B to class java.lang.Number as reading converter
2024-10-07T20:22:41.239-03:00 DEBUG 8736 --- [MeliUrlShorter] [           main] o.s.data.convert.CustomConversions       : Adding converter from class java.lang.Enum to class [B as writing converter
2024-10-07T20:22:41.239-03:00 DEBUG 8736 --- [MeliUrlShorter] [           main] o.s.data.convert.CustomConversions       : Adding converter from class [B to class java.lang.Enum as reading converter
2024-10-07T20:22:41.239-03:00 DEBUG 8736 --- [MeliUrlShorter] [           main] o.s.data.convert.CustomConversions       : Adding converter from class java.lang.Boolean to class [B as writing converter
2024-10-07T20:22:41.239-03:00 DEBUG 8736 --- [MeliUrlShorter] [           main] o.s.data.convert.CustomConversions       : Adding converter from class [B to class java.lang.Boolean as reading converter
2024-10-07T20:22:41.239-03:00 DEBUG 8736 --- [MeliUrlShorter] [           main] o.s.data.convert.CustomConversions       : Adding converter from class java.util.Date to class [B as writing converter
2024-10-07T20:22:41.239-03:00 DEBUG 8736 --- [MeliUrlShorter] [           main] o.s.data.convert.CustomConversions       : Adding converter from class [B to class java.util.Date as reading converter
2024-10-07T20:22:41.239-03:00 DEBUG 8736 --- [MeliUrlShorter] [           main] o.s.data.convert.CustomConversions       : Adding converter from class java.util.UUID to class [B as writing converter
2024-10-07T20:22:41.239-03:00 DEBUG 8736 --- [MeliUrlShorter] [           main] o.s.data.convert.CustomConversions       : Adding converter from class [B to class java.util.UUID as reading converter
2024-10-07T20:22:41.240-03:00 DEBUG 8736 --- [MeliUrlShorter] [           main] o.s.data.convert.CustomConversions       : Adding converter from class java.time.LocalDateTime to class [B as reading converter
2024-10-07T20:22:41.240-03:00 DEBUG 8736 --- [MeliUrlShorter] [           main] o.s.data.convert.CustomConversions       : Adding converter from class [B to class java.time.LocalDateTime as reading converter
2024-10-07T20:22:41.240-03:00 DEBUG 8736 --- [MeliUrlShorter] [           main] o.s.data.convert.CustomConversions       : Adding converter from class java.time.LocalDate to class [B as reading converter
2024-10-07T20:22:41.240-03:00 DEBUG 8736 --- [MeliUrlShorter] [           main] o.s.data.convert.CustomConversions       : Adding converter from class [B to class java.time.LocalDate as reading converter
2024-10-07T20:22:41.240-03:00 DEBUG 8736 --- [MeliUrlShorter] [           main] o.s.data.convert.CustomConversions       : Adding converter from class java.time.LocalTime to class [B as reading converter
2024-10-07T20:22:41.240-03:00 DEBUG 8736 --- [MeliUrlShorter] [           main] o.s.data.convert.CustomConversions       : Adding converter from class [B to class java.time.LocalTime as reading converter
2024-10-07T20:22:41.240-03:00 DEBUG 8736 --- [MeliUrlShorter] [           main] o.s.data.convert.CustomConversions       : Adding converter from class java.time.ZonedDateTime to class [B as reading converter
[...]
2024-10-07T20:22:41.255-03:00 DEBUG 8736 --- [MeliUrlShorter] [           main] o.s.data.convert.CustomConversions       : Adding converter from class java.lang.String to class java.time.ZoneId as reading converter
2024-10-07T20:22:41.255-03:00 DEBUG 8736 --- [MeliUrlShorter] [           main] o.s.data.convert.CustomConversions       : Adding converter from class java.time.Duration to class java.lang.String as writing converter
2024-10-07T20:22:41.255-03:00 DEBUG 8736 --- [MeliUrlShorter] [           main] o.s.data.convert.CustomConversions       : Adding converter from class java.lang.String to class java.time.Duration as reading converter
2024-10-07T20:22:41.255-03:00 DEBUG 8736 --- [MeliUrlShorter] [           main] o.s.data.convert.CustomConversions       : Adding converter from class java.time.Period to class java.lang.String as writing converter
2024-10-07T20:22:41.255-03:00 DEBUG 8736 --- [MeliUrlShorter] [           main] o.s.data.convert.CustomConversions       : Adding converter from class java.lang.String to class java.time.Period as reading converter
2024-10-07T20:22:41.255-03:00 DEBUG 8736 --- [MeliUrlShorter] [           main] o.s.data.convert.CustomConversions       : Adding converter from class java.lang.String to class java.time.LocalDate as reading converter
2024-10-07T20:22:41.255-03:00 DEBUG 8736 --- [MeliUrlShorter] [           main] o.s.data.convert.CustomConversions       : Adding converter from class java.lang.String to class java.time.LocalDateTime as reading converter
2024-10-07T20:22:41.255-03:00 DEBUG 8736 --- [MeliUrlShorter] [           main] o.s.data.convert.CustomConversions       : Adding converter from class java.lang.String to class java.time.Instant as reading converter
2024-10-07T20:22:41.269-03:00 DEBUG 8736 --- [MeliUrlShorter] [           main] o.s.d.r.l.RedisMessageListenerContainer  : Starting RedisMessageListenerContainer...
2024-10-07T20:22:41.270-03:00 DEBUG 8736 --- [MeliUrlShorter] [           main] o.s.d.r.l.RedisMessageListenerContainer  : Postpone listening for Redis messages until actual listeners are added
2024-10-07T20:22:41.339-03:00 DEBUG 8736 --- [MeliUrlShorter] [           main] o.s.d.r.c.s.RepositoryFactorySupport     : Initializing repository instance for com.example.MeliUrlShorter.persistance.IMeliPersistance…
2024-10-07T20:22:41.371-03:00 DEBUG 8736 --- [MeliUrlShorter] [           main] o.s.d.r.c.s.RepositoryFactorySupport     : Finished creation of repository instance for com.example.MeliUrlShorter.persistance.IMeliPersistance.
2024-10-07T20:22:42.621-03:00  WARN 8736 --- [MeliUrlShorter] [           main] ion$DefaultTemplateResolverConfiguration : Cannot find template location: classpath:/templates/ (please add some templates, check your Thymeleaf configuration, or set spring.thymeleaf.check-template-location=false)
2024-10-07T20:22:43.730-03:00  INFO 8736 --- [MeliUrlShorter] [           main] o.s.b.a.e.web.EndpointLinksResolver      : Exposing 14 endpoint(s) beneath base path '/actuator'
2024-10-07T20:22:43.779-03:00  INFO 8736 --- [MeliUrlShorter] [           main] c.e.M.MeliUrlShorterApplicationTests     : Started MeliUrlShorterApplicationTests in 4.83 seconds (process running for 5.664)
2024-10-07T20:22:44.438-03:00 DEBUG 8736 --- [MeliUrlShorter] [           main] o.s.d.redis.core.RedisConnectionUtils    : Fetching Redis Connection from RedisConnectionFactory
]]></system-out>
    <system-err><![CDATA[WARNING: A Java agent has been loaded dynamically (C:\Users\cveti\.m2\repository\net\bytebuddy\byte-buddy-agent\1.14.13\byte-buddy-agent-1.14.13.jar)
WARNING: If a serviceability tool is in use, please run with -XX:+EnableDynamicAgentLoading to hide this warning
WARNING: If a serviceability tool is not in use, please run with -Djdk.instrument.traceUsage for more information
WARNING: Dynamic loading of agents will be disallowed by default in a future release
]]></system-err>
  </testcase>
  <testcase name="enableURL" classname="com.example.MeliUrlShorter.MeliUrlShorterApplicationTests" time="0.006">
    <error message="Cannot get Jedis connection" type="org.springframework.data.redis.RedisConnectionFailureException"><![CDATA[org.springframework.data.redis.RedisConnectionFailureException: Cannot get Jedis connection
	at org.springframework.data.redis.connection.jedis.JedisConnectionFactory.fetchJedisConnector(JedisConnectionFactory.java:873)
	at org.springframework.data.redis.connection.jedis.JedisConnectionFactory.getConnection(JedisConnectionFactory.java:835)
	at org.springframework.data.redis.core.RedisConnectionUtils.fetchConnection(RedisConnectionUtils.java:195)
	at org.springframework.data.redis.core.RedisConnectionUtils.doGetConnection(RedisConnectionUtils.java:144)
	at org.springframework.data.redis.core.RedisConnectionUtils.getConnection(RedisConnectionUtils.java:105)
	at org.springframework.data.redis.core.RedisTemplate.execute(RedisTemplate.java:383)
	at org.springframework.data.redis.core.RedisTemplate.execute(RedisTemplate.java:363)
	at org.springframework.data.redis.core.RedisTemplate.execute(RedisTemplate.java:350)
	at org.springframework.data.redis.core.RedisKeyValueAdapter.put(RedisKeyValueAdapter.java:212)
	at org.springframework.data.keyvalue.core.KeyValueTemplate.lambda$update$1(KeyValueTemplate.java:201)
	at org.springframework.data.keyvalue.core.KeyValueTemplate.execute(KeyValueTemplate.java:314)
	at org.springframework.data.keyvalue.core.KeyValueTemplate.update(KeyValueTemplate.java:201)
	at org.springframework.data.redis.core.RedisKeyValueTemplate.update(RedisKeyValueTemplate.java:166)
	at org.springframework.data.keyvalue.repository.support.SimpleKeyValueRepository.save(SimpleKeyValueRepository.java:76)
	at java.base/jdk.internal.reflect.DirectMethodHandleAccessor.invoke(DirectMethodHandleAccessor.java:103)
	at java.base/java.lang.reflect.Method.invoke(Method.java:580)
	at org.springframework.aop.support.AopUtils.invokeJoinpointUsingReflection(AopUtils.java:354)
	at org.springframework.data.repository.core.support.RepositoryMethodInvoker$RepositoryFragmentMethodInvoker.lambda$new$0(RepositoryMethodInvoker.java:277)
	at org.springframework.data.repository.core.support.RepositoryMethodInvoker.doInvoke(RepositoryMethodInvoker.java:170)
	at org.springframework.data.repository.core.support.RepositoryMethodInvoker.invoke(RepositoryMethodInvoker.java:158)
	at org.springframework.data.repository.core.support.RepositoryComposition$RepositoryFragments.invoke(RepositoryComposition.java:516)
	at org.springframework.data.repository.core.support.RepositoryComposition.invoke(RepositoryComposition.java:285)
	at org.springframework.data.repository.core.support.RepositoryFactorySupport$ImplementationMethodExecutionInterceptor.invoke(RepositoryFactorySupport.java:628)
	at org.springframework.aop.framework.ReflectiveMethodInvocation.proceed(ReflectiveMethodInvocation.java:184)
	at org.springframework.data.repository.core.support.QueryExecutorMethodInterceptor.doInvoke(QueryExecutorMethodInterceptor.java:168)
	at org.springframework.data.repository.core.support.QueryExecutorMethodInterceptor.invoke(QueryExecutorMethodInterceptor.java:143)
	at org.springframework.aop.framework.ReflectiveMethodInvocation.proceed(ReflectiveMethodInvocation.java:184)
	at org.springframework.aop.interceptor.ExposeInvocationInterceptor.invoke(ExposeInvocationInterceptor.java:97)
	at org.springframework.aop.framework.ReflectiveMethodInvocation.proceed(ReflectiveMethodInvocation.java:184)
	at org.springframework.aop.framework.JdkDynamicAopProxy.invoke(JdkDynamicAopProxy.java:223)
	at jdk.proxy2/jdk.proxy2.$Proxy105.save(Unknown Source)
	at java.base/jdk.internal.reflect.DirectMethodHandleAccessor.invoke(DirectMethodHandleAccessor.java:103)
	at java.base/java.lang.reflect.Method.invoke(Method.java:580)
	at org.springframework.aop.support.AopUtils.invokeJoinpointUsingReflection(AopUtils.java:354)
	at org.springframework.aop.framework.ReflectiveMethodInvocation.invokeJoinpoint(ReflectiveMethodInvocation.java:196)
	at org.springframework.aop.framework.ReflectiveMethodInvocation.proceed(ReflectiveMethodInvocation.java:163)
	at org.springframework.dao.support.PersistenceExceptionTranslationInterceptor.invoke(PersistenceExceptionTranslationInterceptor.java:137)
	at org.springframework.aop.framework.ReflectiveMethodInvocation.proceed(ReflectiveMethodInvocation.java:184)
	at org.springframework.aop.framework.JdkDynamicAopProxy.invoke(JdkDynamicAopProxy.java:223)
	at jdk.proxy2/jdk.proxy2.$Proxy105.save(Unknown Source)
	at com.example.MeliUrlShorter.MeliUrlShorterApplicationTests.enableURL(MeliUrlShorterApplicationTests.java:99)
	at java.base/java.lang.reflect.Method.invoke(Method.java:580)
	at java.base/java.util.ArrayList.forEach(ArrayList.java:1596)
	at java.base/java.util.ArrayList.forEach(ArrayList.java:1596)
Caused by: redis.clients.jedis.exceptions.JedisConnectionException: Failed to create socket.
	at redis.clients.jedis.DefaultJedisSocketFactory.createSocket(DefaultJedisSocketFactory.java:118)
	at redis.clients.jedis.Connection.connect(Connection.java:194)
	at redis.clients.jedis.Connection.initializeFromClientConfig(Connection.java:392)
	at redis.clients.jedis.Connection.<init>(Connection.java:67)
	at redis.clients.jedis.Jedis.<init>(Jedis.java:220)
	at redis.clients.jedis.JedisFactory.makeObject(JedisFactory.java:170)
	at org.apache.commons.pool2.impl.GenericObjectPool.create(GenericObjectPool.java:566)
	at org.apache.commons.pool2.impl.GenericObjectPool.borrowObject(GenericObjectPool.java:306)
	at org.apache.commons.pool2.impl.GenericObjectPool.borrowObject(GenericObjectPool.java:233)
	at redis.clients.jedis.util.Pool.getResource(Pool.java:38)
	at redis.clients.jedis.JedisPool.getResource(JedisPool.java:378)
	at redis.clients.jedis.JedisPool.getResource(JedisPool.java:17)
	at org.springframework.data.redis.connection.jedis.JedisConnectionFactory.fetchJedisConnector(JedisConnectionFactory.java:863)
	... 43 more
Caused by: java.net.UnknownHostException: redis-17196.c309.us-east-2-1.ec2.redns.redis-cloud.com
	at java.base/java.net.InetAddress$CachedLookup.get(InetAddress.java:988)
	at java.base/java.net.InetAddress.getAllByName0(InetAddress.java:1818)
	at java.base/java.net.InetAddress.getAllByName(InetAddress.java:1688)
	at redis.clients.jedis.DefaultJedisSocketFactory.connectToFirstSuccessfulHost(DefaultJedisSocketFactory.java:58)
	at redis.clients.jedis.DefaultJedisSocketFactory.createSocket(DefaultJedisSocketFactory.java:89)
	... 55 more
]]></error>
    <system-out><![CDATA[2024-10-07T20:22:44.616-03:00 DEBUG 8736 --- [MeliUrlShorter] [           main] o.s.d.redis.core.RedisConnectionUtils    : Fetching Redis Connection from RedisConnectionFactory
]]></system-out>
  </testcase>
  <testcase name="getNewShortURL" classname="com.example.MeliUrlShorter.MeliUrlShorterApplicationTests" time="0.014">
    <error message="Cannot get Jedis connection" type="org.springframework.data.redis.RedisConnectionFailureException"><![CDATA[org.springframework.data.redis.RedisConnectionFailureException: Cannot get Jedis connection
	at org.springframework.data.redis.connection.jedis.JedisConnectionFactory.fetchJedisConnector(JedisConnectionFactory.java:873)
	at org.springframework.data.redis.connection.jedis.JedisConnectionFactory.getConnection(JedisConnectionFactory.java:835)
	at org.springframework.data.redis.core.RedisConnectionUtils.fetchConnection(RedisConnectionUtils.java:195)
	at org.springframework.data.redis.core.RedisConnectionUtils.doGetConnection(RedisConnectionUtils.java:144)
	at org.springframework.data.redis.core.RedisConnectionUtils.getConnection(RedisConnectionUtils.java:105)
	at org.springframework.data.redis.core.RedisTemplate.execute(RedisTemplate.java:383)
	at org.springframework.data.redis.core.RedisTemplate.execute(RedisTemplate.java:363)
	at org.springframework.data.redis.core.RedisTemplate.execute(RedisTemplate.java:350)
	at org.springframework.data.redis.core.RedisKeyValueAdapter.put(RedisKeyValueAdapter.java:212)
	at org.springframework.data.keyvalue.core.KeyValueTemplate.lambda$update$1(KeyValueTemplate.java:201)
	at org.springframework.data.keyvalue.core.KeyValueTemplate.execute(KeyValueTemplate.java:314)
	at org.springframework.data.keyvalue.core.KeyValueTemplate.update(KeyValueTemplate.java:201)
	at org.springframework.data.redis.core.RedisKeyValueTemplate.update(RedisKeyValueTemplate.java:166)
	at org.springframework.data.keyvalue.repository.support.SimpleKeyValueRepository.save(SimpleKeyValueRepository.java:76)
	at java.base/jdk.internal.reflect.DirectMethodHandleAccessor.invoke(DirectMethodHandleAccessor.java:103)
	at java.base/java.lang.reflect.Method.invoke(Method.java:580)
	at org.springframework.aop.support.AopUtils.invokeJoinpointUsingReflection(AopUtils.java:354)
	at org.springframework.data.repository.core.support.RepositoryMethodInvoker$RepositoryFragmentMethodInvoker.lambda$new$0(RepositoryMethodInvoker.java:277)
	at org.springframework.data.repository.core.support.RepositoryMethodInvoker.doInvoke(RepositoryMethodInvoker.java:170)
	at org.springframework.data.repository.core.support.RepositoryMethodInvoker.invoke(RepositoryMethodInvoker.java:158)
	at org.springframework.data.repository.core.support.RepositoryComposition$RepositoryFragments.invoke(RepositoryComposition.java:516)
	at org.springframework.data.repository.core.support.RepositoryComposition.invoke(RepositoryComposition.java:285)
	at org.springframework.data.repository.core.support.RepositoryFactorySupport$ImplementationMethodExecutionInterceptor.invoke(RepositoryFactorySupport.java:628)
	at org.springframework.aop.framework.ReflectiveMethodInvocation.proceed(ReflectiveMethodInvocation.java:184)
	at org.springframework.data.repository.core.support.QueryExecutorMethodInterceptor.doInvoke(QueryExecutorMethodInterceptor.java:168)
	at org.springframework.data.repository.core.support.QueryExecutorMethodInterceptor.invoke(QueryExecutorMethodInterceptor.java:143)
	at org.springframework.aop.framework.ReflectiveMethodInvocation.proceed(ReflectiveMethodInvocation.java:184)
	at org.springframework.aop.interceptor.ExposeInvocationInterceptor.invoke(ExposeInvocationInterceptor.java:97)
	at org.springframework.aop.framework.ReflectiveMethodInvocation.proceed(ReflectiveMethodInvocation.java:184)
	at org.springframework.aop.framework.JdkDynamicAopProxy.invoke(JdkDynamicAopProxy.java:223)
	at jdk.proxy2/jdk.proxy2.$Proxy105.save(Unknown Source)
	at java.base/jdk.internal.reflect.DirectMethodHandleAccessor.invoke(DirectMethodHandleAccessor.java:103)
	at java.base/java.lang.reflect.Method.invoke(Method.java:580)
	at org.springframework.aop.support.AopUtils.invokeJoinpointUsingReflection(AopUtils.java:354)
	at org.springframework.aop.framework.ReflectiveMethodInvocation.invokeJoinpoint(ReflectiveMethodInvocation.java:196)
	at org.springframework.aop.framework.ReflectiveMethodInvocation.proceed(ReflectiveMethodInvocation.java:163)
	at org.springframework.dao.support.PersistenceExceptionTranslationInterceptor.invoke(PersistenceExceptionTranslationInterceptor.java:137)
	at org.springframework.aop.framework.ReflectiveMethodInvocation.proceed(ReflectiveMethodInvocation.java:184)
	at org.springframework.aop.framework.JdkDynamicAopProxy.invoke(JdkDynamicAopProxy.java:223)
	at jdk.proxy2/jdk.proxy2.$Proxy105.save(Unknown Source)
	at com.example.MeliUrlShorter.bussines.url.service.ShortMeliService.saveUrl(ShortMeliService.java:80)
	at java.base/jdk.internal.reflect.DirectMethodHandleAccessor.invoke(DirectMethodHandleAccessor.java:103)
	at java.base/java.lang.reflect.Method.invoke(Method.java:580)
	at org.springframework.aop.support.AopUtils.invokeJoinpointUsingReflection(AopUtils.java:354)
	at org.springframework.aop.framework.ReflectiveMethodInvocation.invokeJoinpoint(ReflectiveMethodInvocation.java:196)
	at org.springframework.aop.framework.ReflectiveMethodInvocation.proceed(ReflectiveMethodInvocation.java:163)
	at org.springframework.aop.framework.CglibAopProxy$CglibMethodInvocation.proceed(CglibAopProxy.java:768)
	at org.springframework.cache.interceptor.CacheInterceptor.lambda$invoke$0(CacheInterceptor.java:64)
	at org.springframework.cache.interceptor.CacheAspectSupport.invokeOperation(CacheAspectSupport.java:416)
	at org.springframework.cache.interceptor.CacheAspectSupport.evaluate(CacheAspectSupport.java:545)
	at org.springframework.cache.interceptor.CacheAspectSupport.execute(CacheAspectSupport.java:433)
	at org.springframework.cache.interceptor.CacheAspectSupport.execute(CacheAspectSupport.java:395)
	at org.springframework.cache.interceptor.CacheInterceptor.invoke(CacheInterceptor.java:74)
	at org.springframework.aop.framework.ReflectiveMethodInvocation.proceed(ReflectiveMethodInvocation.java:184)
	at org.springframework.aop.framework.CglibAopProxy$CglibMethodInvocation.proceed(CglibAopProxy.java:768)
	at org.springframework.aop.framework.CglibAopProxy$DynamicAdvisedInterceptor.intercept(CglibAopProxy.java:720)
	at com.example.MeliUrlShorter.bussines.url.service.ShortMeliService$$SpringCGLIB$$0.saveUrl(<generated>)
	at com.example.MeliUrlShorter.MeliUrlShorterApplicationTests.getNewShortURL(MeliUrlShorterApplicationTests.java:43)
	at java.base/java.lang.reflect.Method.invoke(Method.java:580)
	at java.base/java.util.ArrayList.forEach(ArrayList.java:1596)
	at java.base/java.util.ArrayList.forEach(ArrayList.java:1596)
Caused by: redis.clients.jedis.exceptions.JedisConnectionException: Failed to create socket.
	at redis.clients.jedis.DefaultJedisSocketFactory.createSocket(DefaultJedisSocketFactory.java:118)
	at redis.clients.jedis.Connection.connect(Connection.java:194)
	at redis.clients.jedis.Connection.initializeFromClientConfig(Connection.java:392)
	at redis.clients.jedis.Connection.<init>(Connection.java:67)
	at redis.clients.jedis.Jedis.<init>(Jedis.java:220)
	at redis.clients.jedis.JedisFactory.makeObject(JedisFactory.java:170)
	at org.apache.commons.pool2.impl.GenericObjectPool.create(GenericObjectPool.java:566)
	at org.apache.commons.pool2.impl.GenericObjectPool.borrowObject(GenericObjectPool.java:306)
	at org.apache.commons.pool2.impl.GenericObjectPool.borrowObject(GenericObjectPool.java:233)
	at redis.clients.jedis.util.Pool.getResource(Pool.java:38)
	at redis.clients.jedis.JedisPool.getResource(JedisPool.java:378)
	at redis.clients.jedis.JedisPool.getResource(JedisPool.java:17)
	at org.springframework.data.redis.connection.jedis.JedisConnectionFactory.fetchJedisConnector(JedisConnectionFactory.java:863)
	... 60 more
Caused by: java.net.UnknownHostException: redis-17196.c309.us-east-2-1.ec2.redns.redis-cloud.com
	at java.base/java.net.InetAddress$CachedLookup.get(InetAddress.java:988)
	at java.base/java.net.InetAddress.getAllByName0(InetAddress.java:1818)
	at java.base/java.net.InetAddress.getAllByName(InetAddress.java:1688)
	at redis.clients.jedis.DefaultJedisSocketFactory.connectToFirstSuccessfulHost(DefaultJedisSocketFactory.java:58)
	at redis.clients.jedis.DefaultJedisSocketFactory.createSocket(DefaultJedisSocketFactory.java:89)
	... 72 more
]]></error>
    <system-out><![CDATA[2024-10-07T20:22:44.629-03:00  INFO 8736 --- [MeliUrlShorter] [           main] c.e.M.b.url.service.ShortMeliService     : (generateHash) -> Generando Hash para la url: http://mercadolibre.com/mis/pedidos
2024-10-07T20:22:44.632-03:00 DEBUG 8736 --- [MeliUrlShorter] [           main] o.s.d.redis.core.RedisConnectionUtils    : Fetching Redis Connection from RedisConnectionFactory
]]></system-out>
  </testcase>
  <testcase name="generateHash" classname="com.example.MeliUrlShorter.MeliUrlShorterApplicationTests" time="0.008">
    <system-out><![CDATA[2024-10-07T20:22:44.639-03:00  INFO 8736 --- [MeliUrlShorter] [           main] c.e.M.b.url.service.ShortMeliService     : (generateHash) -> Generando Hash para la url: http://mercadolibre.com/mis/pedidos
]]></system-out>
  </testcase>
</testsuite>